#
# There is insufficient memory for the Java Runtime Environment to continue.
# Native memory allocation (malloc) failed to allocate 212336 bytes for Chunk::new
# Possible reasons:
#   The system is out of physical RAM or swap space
#   The process is running with CompressedOops enabled, and the Java Heap may be blocking the growth of the native heap
# Possible solutions:
#   Reduce memory load on the system
#   Increase physical memory or swap space
#   Check if swap backing store is full
#   Decrease Java heap size (-Xmx/-Xms)
#   Decrease number of Java threads
#   Decrease Java thread stack sizes (-Xss)
#   Set larger code cache with -XX:ReservedCodeCacheSize=
#   JVM is running with Unscaled Compressed Oops mode in which the Java heap is
#     placed in the first 4GB address space. The Java Heap base address is the
#     maximum limit for the native heap growth. Please use -XX:HeapBaseMinAddress
#     to set the Java Heap base and to place the Java Heap above 4GB virtual address.
# This output file may be truncated or incomplete.
#
#  Out of Memory Error (./open/src/hotspot/share/memory/arena.cpp:197), pid=16680, tid=18412
#
# JRE version: Java(TM) SE Runtime Environment 18.9 (11.0.20+9) (build 11.0.20+9-LTS-256)
# Java VM: Java HotSpot(TM) 64-Bit Server VM 18.9 (11.0.20+9-LTS-256, mixed mode, tiered, compressed oops, g1 gc, windows-amd64)
# No core dump will be written. Minidumps are not enabled by default on client versions of Windows
#

---------------  S U M M A R Y ------------

Command Line: --add-opens=java.base/java.util=ALL-UNNAMED --add-opens=java.base/java.lang=ALL-UNNAMED --add-opens=java.base/java.lang.invoke=ALL-UNNAMED --add-opens=java.base/java.util=ALL-UNNAMED --add-opens=java.prefs/java.util.prefs=ALL-UNNAMED --add-opens=java.prefs/java.util.prefs=ALL-UNNAMED --add-opens=java.base/java.nio.charset=ALL-UNNAMED --add-opens=java.base/java.net=ALL-UNNAMED --add-opens=java.base/java.util.concurrent.atomic=ALL-UNNAMED -Xmx1536M -Dfile.encoding=windows-1252 -Duser.country=US -Duser.language=en -Duser.variant org.gradle.launcher.daemon.bootstrap.GradleDaemon 7.4

Host: Intel(R) Core(TM) i7-3520M CPU @ 2.90GHz, 4 cores, 7G,  Windows 10 , 64 bit Build 19041 (10.0.19041.3393)
Time: Fri Oct 27 00:16:44 2023 Pakistan Standard Time elapsed time: 60.126422 seconds (0d 0h 1m 0s)

---------------  T H R E A D  ---------------

Current thread (0x000001f920bcd000):  JavaThread "C2 CompilerThread0" daemon [_thread_in_native, id=18412, stack(0x000000b652500000,0x000000b652600000)]


Current CompileTask:
C2:  60126 13574       4       java.util.concurrent.locks.AbstractQueuedSynchronizer$ConditionObject::awaitNanos (181 bytes)

Stack: [0x000000b652500000,0x000000b652600000]
Native frames: (J=compiled Java code, j=interpreted, Vv=VM code, C=native code)
V  [jvm.dll+0x6602ba]
V  [jvm.dll+0x7a32af]
V  [jvm.dll+0x7a4979]
V  [jvm.dll+0x7a5013]
V  [jvm.dll+0x258ef5]
V  [jvm.dll+0xb2a0c]
V  [jvm.dll+0xb2fcc]
V  [jvm.dll+0x36764f]
V  [jvm.dll+0x1a2992]
V  [jvm.dll+0x211d4d]
V  [jvm.dll+0x210bc8]
V  [jvm.dll+0x18cdb1]
V  [jvm.dll+0x220e59]
V  [jvm.dll+0x21f17c]
V  [jvm.dll+0x767061]
V  [jvm.dll+0x75f8e4]
V  [jvm.dll+0x65f165]
C  [ucrtbase.dll+0x21bb2]
C  [KERNEL32.DLL+0x17344]
C  [ntdll.dll+0x526b1]


---------------  P R O C E S S  ---------------

Threads class SMR info:
_java_thread_list=0x000001f92dd352d0, length=87, elements={
0x000001f9046e7000, 0x000001f920bae800, 0x000001f920bb9000, 0x000001f920bc8000,
0x000001f920bc9000, 0x000001f920bca000, 0x000001f920bcd000, 0x000001f920bd2000,
0x000001f92152c000, 0x000001f921692800, 0x000001f924e71800, 0x000001f92351c000,
0x000001f92402d800, 0x000001f922faf000, 0x000001f92357f000, 0x000001f922405000,
0x000001f9230ab800, 0x000001f923573000, 0x000001f9235af000, 0x000001f92153f000,
0x000001f921540000, 0x000001f921541000, 0x000001f92153b000, 0x000001f92153c000,
0x000001f921541800, 0x000001f92153c800, 0x000001f92153e800, 0x000001f92153d800,
0x000001f9221d1000, 0x000001f9221d7000, 0x000001f9221d4800, 0x000001f9221d5000,
0x000001f9221d3000, 0x000001f9221d3800, 0x000001f9221df000, 0x000001f9221dc000,
0x000001f9221e0000, 0x000001f9221da000, 0x000001f9221de000, 0x000001f9221db000,
0x000001f9221dc800, 0x000001f9221dd800, 0x000001f9237ab800, 0x000001f9237ac800,
0x000001f9237ad000, 0x000001f9237a8800, 0x000001f9237ae000, 0x000001f9237af000,
0x000001f9237a9000, 0x000001f9237af800, 0x000001f9237aa000, 0x000001f9237b0800,
0x000001f9237aa800, 0x000001f9237b7000, 0x000001f9237b6000, 0x000001f9237b4800,
0x000001f9237b1800, 0x000001f9237b2000, 0x000001f9237b5800, 0x000001f9237b3000,
0x000001f9237b3800, 0x000001f92249f800, 0x000001f9224a2800, 0x000001f9224a5000,
0x000001f9224a6000, 0x000001f9224a4800, 0x000001f9224a0000, 0x000001f9224a7000,
0x000001f9224a1000, 0x000001f9224a3800, 0x000001f9224a7800, 0x000001f9224a2000,
0x000001f9224ab800, 0x000001f9224ac800, 0x000001f9224a8800, 0x000001f9224a9000,
0x000001f9224ad800, 0x000001f9224aa000, 0x000001f9224ab000, 0x000001f922b03000,
0x000001f922b06000, 0x000001f922b05800, 0x000001f922b04000, 0x000001f922b01800,
0x000001f922b00800, 0x000001f922b07000, 0x000001f922b04800
}

Java Threads: ( => current thread )
  0x000001f9046e7000 JavaThread "main" [_thread_blocked, id=16812, stack(0x000000b651900000,0x000000b651a00000)]
  0x000001f920bae800 JavaThread "Reference Handler" daemon [_thread_blocked, id=12428, stack(0x000000b652000000,0x000000b652100000)]
  0x000001f920bb9000 JavaThread "Finalizer" daemon [_thread_blocked, id=5608, stack(0x000000b652100000,0x000000b652200000)]
  0x000001f920bc8000 JavaThread "Signal Dispatcher" daemon [_thread_blocked, id=19604, stack(0x000000b652200000,0x000000b652300000)]
  0x000001f920bc9000 JavaThread "Attach Listener" daemon [_thread_blocked, id=11980, stack(0x000000b652300000,0x000000b652400000)]
  0x000001f920bca000 JavaThread "Service Thread" daemon [_thread_blocked, id=9444, stack(0x000000b652400000,0x000000b652500000)]
=>0x000001f920bcd000 JavaThread "C2 CompilerThread0" daemon [_thread_in_native, id=18412, stack(0x000000b652500000,0x000000b652600000)]
  0x000001f920bd2000 JavaThread "C1 CompilerThread0" daemon [_thread_blocked, id=17040, stack(0x000000b652600000,0x000000b652700000)]
  0x000001f92152c000 JavaThread "Sweeper thread" daemon [_thread_blocked, id=17724, stack(0x000000b652700000,0x000000b652800000)]
  0x000001f921692800 JavaThread "Common-Cleaner" daemon [_thread_blocked, id=8112, stack(0x000000b652800000,0x000000b652900000)]
  0x000001f924e71800 JavaThread "Daemon health stats" [_thread_blocked, id=9680, stack(0x000000b652d00000,0x000000b652e00000)]
  0x000001f92351c000 JavaThread "Incoming local TCP Connector on port 58596" [_thread_in_native, id=2840, stack(0x000000b652a00000,0x000000b652b00000)]
  0x000001f92402d800 JavaThread "Daemon periodic checks" [_thread_blocked, id=12108, stack(0x000000b652e00000,0x000000b652f00000)]
  0x000001f922faf000 JavaThread "Daemon" [_thread_blocked, id=12324, stack(0x000000b652f00000,0x000000b653000000)]
  0x000001f92357f000 JavaThread "Handler for socket connection from /127.0.0.1:58596 to /127.0.0.1:58597" [_thread_in_native, id=2808, stack(0x000000b653000000,0x000000b653100000)]
  0x000001f922405000 JavaThread "Cancel handler" [_thread_blocked, id=13260, stack(0x000000b653100000,0x000000b653200000)]
  0x000001f9230ab800 JavaThread "Daemon worker" [_thread_blocked, id=17540, stack(0x000000b653200000,0x000000b653300000)]
  0x000001f923573000 JavaThread "Asynchronous log dispatcher for DefaultDaemonConnection: socket connection from /127.0.0.1:58596 to /127.0.0.1:58597" [_thread_blocked, id=13344, stack(0x000000b653300000,0x000000b653400000)]
  0x000001f9235af000 JavaThread "Stdin handler" [_thread_blocked, id=2648, stack(0x000000b653400000,0x000000b653500000)]
  0x000001f92153f000 JavaThread "Daemon client event forwarder" [_thread_blocked, id=18804, stack(0x000000b653500000,0x000000b653600000)]
  0x000001f921540000 JavaThread "Cache worker for journal cache (C:\Users\MATRIX 9.0 USERS\.gradle\caches\journal-1)" [_thread_blocked, id=16456, stack(0x000000b653700000,0x000000b653800000)]
  0x000001f921541000 JavaThread "File lock request listener" [_thread_in_native, id=4428, stack(0x000000b653800000,0x000000b653900000)]
  0x000001f92153b000 JavaThread "Cache worker for file hash cache (C:\Users\MATRIX 9.0 USERS\.gradle\caches\7.4\fileHashes)" [_thread_blocked, id=17392, stack(0x000000b653900000,0x000000b653a00000)]
  0x000001f92153c000 JavaThread "File watcher server" daemon [_thread_in_native, id=20052, stack(0x000000b653a00000,0x000000b653b00000)]
  0x000001f921541800 JavaThread "File watcher consumer" daemon [_thread_blocked, id=16332, stack(0x000000b653b00000,0x000000b653c00000)]
  0x000001f92153c800 JavaThread "Cache worker for checksums cache (C:\develop\qurankhwani\android\.gradle\7.4\checksums)" [_thread_blocked, id=13988, stack(0x000000b653c00000,0x000000b653d00000)]
  0x000001f92153e800 JavaThread "Cache worker for cache directory md-rule (C:\Users\MATRIX 9.0 USERS\.gradle\caches\7.4\md-rule)" [_thread_blocked, id=16412, stack(0x000000b653d00000,0x000000b653e00000)]
  0x000001f92153d800 JavaThread "Cache worker for file hash cache (C:\develop\qurankhwani\android\.gradle\7.4\fileHashes)" [_thread_blocked, id=12044, stack(0x000000b653f00000,0x000000b654000000)]
  0x000001f9221d1000 JavaThread "Cache worker for cache directory md-supplier (C:\Users\MATRIX 9.0 USERS\.gradle\caches\7.4\md-supplier)" [_thread_blocked, id=6712, stack(0x000000b654000000,0x000000b654100000)]
  0x000001f9221d7000 JavaThread "Cache worker for execution history cache (C:\Users\MATRIX 9.0 USERS\.gradle\caches\7.4\executionHistory)" [_thread_blocked, id=18232, stack(0x000000b653e00000,0x000000b653f00000)]
  0x000001f9221d4800 JavaThread "jar transforms" [_thread_blocked, id=2516, stack(0x000000b654100000,0x000000b654200000)]
  0x000001f9221d5000 JavaThread "jar transforms Thread 2" [_thread_blocked, id=5724, stack(0x000000b654300000,0x000000b654400000)]
  0x000001f9221d3000 JavaThread "Cache worker for file content cache (C:\Users\MATRIX 9.0 USERS\.gradle\caches\7.4\fileContent)" [_thread_blocked, id=13688, stack(0x000000b654400000,0x000000b654500000)]
  0x000001f9221d3800 JavaThread "jar transforms Thread 3" [_thread_blocked, id=15092, stack(0x000000b654200000,0x000000b654300000)]
  0x000001f9221df000 JavaThread "jar transforms Thread 4" [_thread_blocked, id=3920, stack(0x000000b654500000,0x000000b654600000)]
  0x000001f9221dc000 JavaThread "Cache worker for dependencies-accessors (C:\develop\qurankhwani\android\.gradle\7.4\dependencies-accessors)" [_thread_blocked, id=20116, stack(0x000000b654700000,0x000000b654800000)]
  0x000001f9221e0000 JavaThread "Cache worker for Build Output Cleanup Cache (C:\develop\qurankhwani\android\.gradle\buildOutputCleanup)" [_thread_blocked, id=17024, stack(0x000000b654800000,0x000000b654900000)]
  0x000001f9221da000 JavaThread "Unconstrained build operations" [_thread_blocked, id=13904, stack(0x000000b654900000,0x000000b654a00000)]
  0x000001f9221de000 JavaThread "Unconstrained build operations Thread 2" [_thread_blocked, id=18828, stack(0x000000b654a00000,0x000000b654b00000)]
  0x000001f9221db000 JavaThread "Unconstrained build operations Thread 3" [_thread_blocked, id=11384, stack(0x000000b654b00000,0x000000b654c00000)]
  0x000001f9221dc800 JavaThread "Unconstrained build operations Thread 4" [_thread_blocked, id=19416, stack(0x000000b654c00000,0x000000b654d00000)]
  0x000001f9221dd800 JavaThread "Unconstrained build operations Thread 5" [_thread_blocked, id=12192, stack(0x000000b654d00000,0x000000b654e00000)]
  0x000001f9237ab800 JavaThread "Unconstrained build operations Thread 6" [_thread_blocked, id=18560, stack(0x000000b654e00000,0x000000b654f00000)]
  0x000001f9237ac800 JavaThread "Unconstrained build operations Thread 7" [_thread_blocked, id=18892, stack(0x000000b654f00000,0x000000b655000000)]
  0x000001f9237ad000 JavaThread "Unconstrained build operations Thread 8" [_thread_blocked, id=12988, stack(0x000000b655000000,0x000000b655100000)]
  0x000001f9237a8800 JavaThread "Unconstrained build operations Thread 9" [_thread_blocked, id=18176, stack(0x000000b655100000,0x000000b655200000)]
  0x000001f9237ae000 JavaThread "Unconstrained build operations Thread 10" [_thread_blocked, id=19208, stack(0x000000b655200000,0x000000b655300000)]
  0x000001f9237af000 JavaThread "Unconstrained build operations Thread 11" [_thread_blocked, id=4116, stack(0x000000b655300000,0x000000b655400000)]
  0x000001f9237a9000 JavaThread "Unconstrained build operations Thread 12" [_thread_blocked, id=11344, stack(0x000000b655400000,0x000000b655500000)]
  0x000001f9237af800 JavaThread "Unconstrained build operations Thread 13" [_thread_blocked, id=7968, stack(0x000000b655500000,0x000000b655600000)]
  0x000001f9237aa000 JavaThread "Unconstrained build operations Thread 14" [_thread_blocked, id=16684, stack(0x000000b655600000,0x000000b655700000)]
  0x000001f9237b0800 JavaThread "Unconstrained build operations Thread 15" [_thread_blocked, id=15028, stack(0x000000b655700000,0x000000b655800000)]
  0x000001f9237aa800 JavaThread "Unconstrained build operations Thread 16" [_thread_blocked, id=5380, stack(0x000000b655800000,0x000000b655900000)]
  0x000001f9237b7000 JavaThread "Unconstrained build operations Thread 17" [_thread_blocked, id=19972, stack(0x000000b655900000,0x000000b655a00000)]
  0x000001f9237b6000 JavaThread "Unconstrained build operations Thread 18" [_thread_blocked, id=13900, stack(0x000000b655a00000,0x000000b655b00000)]
  0x000001f9237b4800 JavaThread "Unconstrained build operations Thread 19" [_thread_blocked, id=12576, stack(0x000000b655b00000,0x000000b655c00000)]
  0x000001f9237b1800 JavaThread "Unconstrained build operations Thread 20" [_thread_blocked, id=792, stack(0x000000b655c00000,0x000000b655d00000)]
  0x000001f9237b2000 JavaThread "Unconstrained build operations Thread 21" [_thread_blocked, id=4244, stack(0x000000b655d00000,0x000000b655e00000)]
  0x000001f9237b5800 JavaThread "Unconstrained build operations Thread 22" [_thread_blocked, id=12836, stack(0x000000b655e00000,0x000000b655f00000)]
  0x000001f9237b3000 JavaThread "Unconstrained build operations Thread 23" [_thread_blocked, id=15540, stack(0x000000b655f00000,0x000000b656000000)]
  0x000001f9237b3800 JavaThread "Unconstrained build operations Thread 24" [_thread_blocked, id=20312, stack(0x000000b656000000,0x000000b656100000)]
  0x000001f92249f800 JavaThread "Unconstrained build operations Thread 25" [_thread_blocked, id=18268, stack(0x000000b656100000,0x000000b656200000)]
  0x000001f9224a2800 JavaThread "Unconstrained build operations Thread 26" [_thread_blocked, id=8556, stack(0x000000b656200000,0x000000b656300000)]
  0x000001f9224a5000 JavaThread "Unconstrained build operations Thread 27" [_thread_blocked, id=6204, stack(0x000000b656300000,0x000000b656400000)]
  0x000001f9224a6000 JavaThread "Unconstrained build operations Thread 28" [_thread_blocked, id=16120, stack(0x000000b656400000,0x000000b656500000)]
  0x000001f9224a4800 JavaThread "Unconstrained build operations Thread 29" [_thread_blocked, id=18672, stack(0x000000b656500000,0x000000b656600000)]
  0x000001f9224a0000 JavaThread "Unconstrained build operations Thread 30" [_thread_blocked, id=1376, stack(0x000000b656600000,0x000000b656700000)]
  0x000001f9224a7000 JavaThread "Unconstrained build operations Thread 31" [_thread_blocked, id=20276, stack(0x000000b656700000,0x000000b656800000)]
  0x000001f9224a1000 JavaThread "Unconstrained build operations Thread 32" [_thread_blocked, id=10352, stack(0x000000b656800000,0x000000b656900000)]
  0x000001f9224a3800 JavaThread "Unconstrained build operations Thread 33" [_thread_blocked, id=8504, stack(0x000000b656900000,0x000000b656a00000)]
  0x000001f9224a7800 JavaThread "Unconstrained build operations Thread 34" [_thread_blocked, id=8340, stack(0x000000b656a00000,0x000000b656b00000)]
  0x000001f9224a2000 JavaThread "Unconstrained build operations Thread 35" [_thread_blocked, id=20412, stack(0x000000b656b00000,0x000000b656c00000)]
  0x000001f9224ab800 JavaThread "Unconstrained build operations Thread 36" [_thread_blocked, id=14064, stack(0x000000b656c00000,0x000000b656d00000)]
  0x000001f9224ac800 JavaThread "Unconstrained build operations Thread 37" [_thread_blocked, id=6640, stack(0x000000b656d00000,0x000000b656e00000)]
  0x000001f9224a8800 JavaThread "Unconstrained build operations Thread 38" [_thread_blocked, id=13916, stack(0x000000b656e00000,0x000000b656f00000)]
  0x000001f9224a9000 JavaThread "Unconstrained build operations Thread 39" [_thread_blocked, id=18220, stack(0x000000b656f00000,0x000000b657000000)]
  0x000001f9224ad800 JavaThread "Unconstrained build operations Thread 40" [_thread_blocked, id=7404, stack(0x000000b657000000,0x000000b657100000)]
  0x000001f9224aa000 JavaThread "Memory manager" [_thread_blocked, id=6300, stack(0x000000b657100000,0x000000b657200000)]
  0x000001f9224ab000 JavaThread "build event listener" [_thread_blocked, id=16252, stack(0x000000b657200000,0x000000b657300000)]
  0x000001f922b03000 JavaThread "included builds" [_thread_blocked, id=1224, stack(0x000000b657500000,0x000000b657600000)]
  0x000001f922b06000 JavaThread "Execution worker for ':'" [_thread_blocked, id=20464, stack(0x000000b657600000,0x000000b657700000)]
  0x000001f922b05800 JavaThread "Execution worker for ':' Thread 2" [_thread_blocked, id=16636, stack(0x000000b657700000,0x000000b657800000)]
  0x000001f922b04000 JavaThread "Execution worker for ':' Thread 3" [_thread_blocked, id=18860, stack(0x000000b657800000,0x000000b657900000)]
  0x000001f922b01800 JavaThread "Cache worker for execution history cache (C:\develop\qurankhwani\android\.gradle\7.4\executionHistory)" [_thread_blocked, id=13220, stack(0x000000b657900000,0x000000b657a00000)]
  0x000001f922b00800 JavaThread "Exec process" [_thread_in_native, id=3500, stack(0x000000b657a00000,0x000000b657b00000)]
  0x000001f922b07000 JavaThread "Exec process Thread 2" [_thread_in_native, id=13920, stack(0x000000b654600000,0x000000b654700000)]
  0x000001f922b04800 JavaThread "Exec process Thread 3" [_thread_in_native, id=13716, stack(0x000000b657b00000,0x000000b657c00000)]

Other Threads:
  0x000001f920b8c000 VMThread "VM Thread" [stack: 0x000000b651f00000,0x000000b652000000] [id=17452]
  0x000001f9216c8800 WatcherThread [stack: 0x000000b652900000,0x000000b652a00000] [id=13608]
  0x000001f9046f7800 GCTaskThread "GC Thread#0" [stack: 0x000000b651a00000,0x000000b651b00000] [id=15824]
  0x000001f921e34800 GCTaskThread "GC Thread#1" [stack: 0x000000b652b00000,0x000000b652c00000] [id=9504]
  0x000001f921a22000 GCTaskThread "GC Thread#2" [stack: 0x000000b652c00000,0x000000b652d00000] [id=16152]
  0x000001f922dee800 GCTaskThread "GC Thread#3" [stack: 0x000000b653600000,0x000000b653700000] [id=7364]
  0x000001f90471c800 ConcurrentGCThread "G1 Main Marker" [stack: 0x000000b651b00000,0x000000b651c00000] [id=6400]
  0x000001f90471f000 ConcurrentGCThread "G1 Conc#0" [stack: 0x000000b651c00000,0x000000b651d00000] [id=2732]
  0x000001f90479e000 ConcurrentGCThread "G1 Refine#0" [stack: 0x000000b651d00000,0x000000b651e00000] [id=960]
  0x000001f9209f1000 ConcurrentGCThread "G1 Young RemSet Sampling" [stack: 0x000000b651e00000,0x000000b651f00000] [id=1816]

Threads with active compile tasks:
C2 CompilerThread0    60241 13574       4       java.util.concurrent.locks.AbstractQueuedSynchronizer$ConditionObject::awaitNanos (181 bytes)

VM state:not at safepoint (normal execution)

VM Mutex/Monitor currently owned by a thread: None

Heap address: 0x00000000a0000000, size: 1536 MB, Compressed Oops mode: 32-bit
Narrow klass base: 0x0000000000000000, Narrow klass shift: 3
Compressed class space size: 1073741824 Address: 0x0000000100000000

Heap:
 garbage-first heap   total 280576K, used 195331K [0x00000000a0000000, 0x0000000100000000)
  region size 1024K, 7 young (7168K), 2 survivors (2048K)
 Metaspace       used 92070K, capacity 97009K, committed 97232K, reserved 1132544K
  class space    used 12227K, capacity 13732K, committed 13824K, reserved 1048576K
Heap Regions: E=young(eden), S=young(survivor), O=old, HS=humongous(starts), HC=humongous(continues), CS=collection set, F=free, A=archive, TAMS=top-at-mark-start (previous, next)
|   0|0x00000000a0000000, 0x00000000a0100000, 0x00000000a0100000|100%|HS|  |TAMS 0x00000000a0100000, 0x00000000a0000000| Complete 
|   1|0x00000000a0100000, 0x00000000a0200000, 0x00000000a0200000|100%|HC|  |TAMS 0x00000000a0200000, 0x00000000a0100000| Complete 
|   2|0x00000000a0200000, 0x00000000a0300000, 0x00000000a0300000|100%|HC|  |TAMS 0x00000000a0300000, 0x00000000a0200000| Complete 
|   3|0x00000000a0300000, 0x00000000a0400000, 0x00000000a0400000|100%| O|  |TAMS 0x00000000a0400000, 0x00000000a0300000| Untracked 
|   4|0x00000000a0400000, 0x00000000a0500000, 0x00000000a0500000|100%| O|  |TAMS 0x00000000a0500000, 0x00000000a0400000| Untracked 
|   5|0x00000000a0500000, 0x00000000a0600000, 0x00000000a0600000|100%| O|  |TAMS 0x00000000a0600000, 0x00000000a0500000| Untracked 
|   6|0x00000000a0600000, 0x00000000a0700000, 0x00000000a0700000|100%| O|  |TAMS 0x00000000a0700000, 0x00000000a0600000| Untracked 
|   7|0x00000000a0700000, 0x00000000a0800000, 0x00000000a0800000|100%| O|  |TAMS 0x00000000a0800000, 0x00000000a0700000| Untracked 
|   8|0x00000000a0800000, 0x00000000a0900000, 0x00000000a0900000|100%| O|  |TAMS 0x00000000a0900000, 0x00000000a0800000| Untracked 
|   9|0x00000000a0900000, 0x00000000a0a00000, 0x00000000a0a00000|100%| O|  |TAMS 0x00000000a0a00000, 0x00000000a0900000| Untracked 
|  10|0x00000000a0a00000, 0x00000000a0b00000, 0x00000000a0b00000|100%| O|  |TAMS 0x00000000a0b00000, 0x00000000a0a00000| Untracked 
|  11|0x00000000a0b00000, 0x00000000a0c00000, 0x00000000a0c00000|100%| O|  |TAMS 0x00000000a0c00000, 0x00000000a0b00000| Untracked 
|  12|0x00000000a0c00000, 0x00000000a0d00000, 0x00000000a0d00000|100%| O|  |TAMS 0x00000000a0d00000, 0x00000000a0c00000| Untracked 
|  13|0x00000000a0d00000, 0x00000000a0e00000, 0x00000000a0e00000|100%| O|  |TAMS 0x00000000a0e00000, 0x00000000a0d00000| Untracked 
|  14|0x00000000a0e00000, 0x00000000a0f00000, 0x00000000a0f00000|100%| O|  |TAMS 0x00000000a0f00000, 0x00000000a0e00000| Untracked 
|  15|0x00000000a0f00000, 0x00000000a1000000, 0x00000000a1000000|100%| O|  |TAMS 0x00000000a1000000, 0x00000000a0f00000| Untracked 
|  16|0x00000000a1000000, 0x00000000a1100000, 0x00000000a1100000|100%| O|  |TAMS 0x00000000a1100000, 0x00000000a1000000| Untracked 
|  17|0x00000000a1100000, 0x00000000a1200000, 0x00000000a1200000|100%| O|  |TAMS 0x00000000a1200000, 0x00000000a1100000| Untracked 
|  18|0x00000000a1200000, 0x00000000a1300000, 0x00000000a1300000|100%| O|  |TAMS 0x00000000a1300000, 0x00000000a1200000| Untracked 
|  19|0x00000000a1300000, 0x00000000a1400000, 0x00000000a1400000|100%| O|  |TAMS 0x00000000a1400000, 0x00000000a1300000| Untracked 
|  20|0x00000000a1400000, 0x00000000a1500000, 0x00000000a1500000|100%| O|  |TAMS 0x00000000a1500000, 0x00000000a1400000| Untracked 
|  21|0x00000000a1500000, 0x00000000a1600000, 0x00000000a1600000|100%| O|  |TAMS 0x00000000a1600000, 0x00000000a1500000| Untracked 
|  22|0x00000000a1600000, 0x00000000a1700000, 0x00000000a1700000|100%| O|  |TAMS 0x00000000a1700000, 0x00000000a1600000| Untracked 
|  23|0x00000000a1700000, 0x00000000a1800000, 0x00000000a1800000|100%| O|  |TAMS 0x00000000a1800000, 0x00000000a1700000| Untracked 
|  24|0x00000000a1800000, 0x00000000a1900000, 0x00000000a1900000|100%| O|  |TAMS 0x00000000a1900000, 0x00000000a1800000| Untracked 
|  25|0x00000000a1900000, 0x00000000a1a00000, 0x00000000a1a00000|100%| O|  |TAMS 0x00000000a1a00000, 0x00000000a1900000| Untracked 
|  26|0x00000000a1a00000, 0x00000000a1b00000, 0x00000000a1b00000|100%| O|  |TAMS 0x00000000a1b00000, 0x00000000a1a00000| Untracked 
|  27|0x00000000a1b00000, 0x00000000a1c00000, 0x00000000a1c00000|100%|HS|  |TAMS 0x00000000a1c00000, 0x00000000a1b00000| Complete 
|  28|0x00000000a1c00000, 0x00000000a1d00000, 0x00000000a1d00000|100%|HS|  |TAMS 0x00000000a1d00000, 0x00000000a1c00000| Complete 
|  29|0x00000000a1d00000, 0x00000000a1e00000, 0x00000000a1e00000|100%|HS|  |TAMS 0x00000000a1e00000, 0x00000000a1d00000| Complete 
|  30|0x00000000a1e00000, 0x00000000a1f00000, 0x00000000a1f00000|100%|HS|  |TAMS 0x00000000a1f00000, 0x00000000a1e00000| Complete 
|  31|0x00000000a1f00000, 0x00000000a2000000, 0x00000000a2000000|100%|HS|  |TAMS 0x00000000a2000000, 0x00000000a1f00000| Complete 
|  32|0x00000000a2000000, 0x00000000a2100000, 0x00000000a2100000|100%|HC|  |TAMS 0x00000000a2100000, 0x00000000a2000000| Complete 
|  33|0x00000000a2100000, 0x00000000a2200000, 0x00000000a2200000|100%|HC|  |TAMS 0x00000000a2200000, 0x00000000a2100000| Complete 
|  34|0x00000000a2200000, 0x00000000a2300000, 0x00000000a2300000|100%|HS|  |TAMS 0x00000000a2300000, 0x00000000a2200000| Complete 
|  35|0x00000000a2300000, 0x00000000a2400000, 0x00000000a2400000|100%|HC|  |TAMS 0x00000000a2400000, 0x00000000a2300000| Complete 
|  36|0x00000000a2400000, 0x00000000a2500000, 0x00000000a2500000|100%| O|  |TAMS 0x00000000a2500000, 0x00000000a2400000| Untracked 
|  37|0x00000000a2500000, 0x00000000a2600000, 0x00000000a2600000|100%| O|  |TAMS 0x00000000a2600000, 0x00000000a2500000| Untracked 
|  38|0x00000000a2600000, 0x00000000a2700000, 0x00000000a2700000|100%| O|  |TAMS 0x00000000a2700000, 0x00000000a2600000| Untracked 
|  39|0x00000000a2700000, 0x00000000a2800000, 0x00000000a2800000|100%| O|  |TAMS 0x00000000a2800000, 0x00000000a2700000| Untracked 
|  40|0x00000000a2800000, 0x00000000a2900000, 0x00000000a2900000|100%| O|  |TAMS 0x00000000a2900000, 0x00000000a2800000| Untracked 
|  41|0x00000000a2900000, 0x00000000a2a00000, 0x00000000a2a00000|100%| O|  |TAMS 0x00000000a2a00000, 0x00000000a2900000| Untracked 
|  42|0x00000000a2a00000, 0x00000000a2b00000, 0x00000000a2b00000|100%| O|  |TAMS 0x00000000a2b00000, 0x00000000a2a00000| Untracked 
|  43|0x00000000a2b00000, 0x00000000a2c00000, 0x00000000a2c00000|100%| O|  |TAMS 0x00000000a2c00000, 0x00000000a2b00000| Untracked 
|  44|0x00000000a2c00000, 0x00000000a2d00000, 0x00000000a2d00000|100%| O|  |TAMS 0x00000000a2d00000, 0x00000000a2c00000| Untracked 
|  45|0x00000000a2d00000, 0x00000000a2e00000, 0x00000000a2e00000|100%| O|  |TAMS 0x00000000a2e00000, 0x00000000a2d00000| Untracked 
|  46|0x00000000a2e00000, 0x00000000a2f00000, 0x00000000a2f00000|100%| O|  |TAMS 0x00000000a2f00000, 0x00000000a2e00000| Untracked 
|  47|0x00000000a2f00000, 0x00000000a3000000, 0x00000000a3000000|100%| O|  |TAMS 0x00000000a3000000, 0x00000000a2f00000| Untracked 
|  48|0x00000000a3000000, 0x00000000a3100000, 0x00000000a3100000|100%| O|  |TAMS 0x00000000a3100000, 0x00000000a3000000| Untracked 
|  49|0x00000000a3100000, 0x00000000a3200000, 0x00000000a3200000|100%|HS|  |TAMS 0x00000000a3200000, 0x00000000a3100000| Complete 
|  50|0x00000000a3200000, 0x00000000a3300000, 0x00000000a3300000|100%| O|  |TAMS 0x00000000a3300000, 0x00000000a3200000| Untracked 
|  51|0x00000000a3300000, 0x00000000a3400000, 0x00000000a3400000|100%| O|  |TAMS 0x00000000a3400000, 0x00000000a3300000| Untracked 
|  52|0x00000000a3400000, 0x00000000a3500000, 0x00000000a3500000|100%| O|  |TAMS 0x00000000a3500000, 0x00000000a3400000| Untracked 
|  53|0x00000000a3500000, 0x00000000a3600000, 0x00000000a3600000|100%| O|  |TAMS 0x00000000a3600000, 0x00000000a3500000| Untracked 
|  54|0x00000000a3600000, 0x00000000a3700000, 0x00000000a3700000|100%| O|  |TAMS 0x00000000a3700000, 0x00000000a3600000| Untracked 
|  55|0x00000000a3700000, 0x00000000a3800000, 0x00000000a3800000|100%| O|  |TAMS 0x00000000a3800000, 0x00000000a3700000| Untracked 
|  56|0x00000000a3800000, 0x00000000a3900000, 0x00000000a3900000|100%| O|  |TAMS 0x00000000a3900000, 0x00000000a3800000| Untracked 
|  57|0x00000000a3900000, 0x00000000a3a00000, 0x00000000a3a00000|100%|HS|  |TAMS 0x00000000a3a00000, 0x00000000a3900000| Complete 
|  58|0x00000000a3a00000, 0x00000000a3b00000, 0x00000000a3b00000|100%|HC|  |TAMS 0x00000000a3b00000, 0x00000000a3a00000| Complete 
|  59|0x00000000a3b00000, 0x00000000a3c00000, 0x00000000a3c00000|100%| O|  |TAMS 0x00000000a3c00000, 0x00000000a3b00000| Untracked 
|  60|0x00000000a3c00000, 0x00000000a3d00000, 0x00000000a3d00000|100%| O|  |TAMS 0x00000000a3d00000, 0x00000000a3c00000| Untracked 
|  61|0x00000000a3d00000, 0x00000000a3e00000, 0x00000000a3e00000|100%| O|  |TAMS 0x00000000a3e00000, 0x00000000a3d00000| Untracked 
|  62|0x00000000a3e00000, 0x00000000a3f00000, 0x00000000a3f00000|100%| O|  |TAMS 0x00000000a3f00000, 0x00000000a3e00000| Untracked 
|  63|0x00000000a3f00000, 0x00000000a4000000, 0x00000000a4000000|100%| O|  |TAMS 0x00000000a4000000, 0x00000000a3f00000| Untracked 
|  64|0x00000000a4000000, 0x00000000a4100000, 0x00000000a4100000|100%| O|  |TAMS 0x00000000a4100000, 0x00000000a4000000| Untracked 
|  65|0x00000000a4100000, 0x00000000a4200000, 0x00000000a4200000|100%| O|  |TAMS 0x00000000a4200000, 0x00000000a4100000| Untracked 
|  66|0x00000000a4200000, 0x00000000a4300000, 0x00000000a4300000|100%| O|  |TAMS 0x00000000a4300000, 0x00000000a4200000| Untracked 
|  67|0x00000000a4300000, 0x00000000a4400000, 0x00000000a4400000|100%| O|  |TAMS 0x00000000a4400000, 0x00000000a4300000| Untracked 
|  68|0x00000000a4400000, 0x00000000a4500000, 0x00000000a4500000|100%| O|  |TAMS 0x00000000a4500000, 0x00000000a4400000| Untracked 
|  69|0x00000000a4500000, 0x00000000a4600000, 0x00000000a4600000|100%| O|  |TAMS 0x00000000a4600000, 0x00000000a4500000| Untracked 
|  70|0x00000000a4600000, 0x00000000a4700000, 0x00000000a4700000|100%| O|  |TAMS 0x00000000a4700000, 0x00000000a4600000| Untracked 
|  71|0x00000000a4700000, 0x00000000a4800000, 0x00000000a4800000|100%| O|  |TAMS 0x00000000a4800000, 0x00000000a4700000| Untracked 
|  72|0x00000000a4800000, 0x00000000a4900000, 0x00000000a4900000|100%| O|  |TAMS 0x00000000a4900000, 0x00000000a4800000| Untracked 
|  73|0x00000000a4900000, 0x00000000a4a00000, 0x00000000a4a00000|100%| O|  |TAMS 0x00000000a4a00000, 0x00000000a4900000| Untracked 
|  74|0x00000000a4a00000, 0x00000000a4b00000, 0x00000000a4b00000|100%| O|  |TAMS 0x00000000a4b00000, 0x00000000a4a00000| Untracked 
|  75|0x00000000a4b00000, 0x00000000a4c00000, 0x00000000a4c00000|100%| O|  |TAMS 0x00000000a4c00000, 0x00000000a4b00000| Untracked 
|  76|0x00000000a4c00000, 0x00000000a4d00000, 0x00000000a4d00000|100%| O|  |TAMS 0x00000000a4d00000, 0x00000000a4c00000| Untracked 
|  77|0x00000000a4d00000, 0x00000000a4e00000, 0x00000000a4e00000|100%| O|  |TAMS 0x00000000a4e00000, 0x00000000a4d00000| Untracked 
|  78|0x00000000a4e00000, 0x00000000a4f00000, 0x00000000a4f00000|100%| O|  |TAMS 0x00000000a4f00000, 0x00000000a4e00000| Untracked 
|  79|0x00000000a4f00000, 0x00000000a5000000, 0x00000000a5000000|100%| O|  |TAMS 0x00000000a5000000, 0x00000000a4f00000| Untracked 
|  80|0x00000000a5000000, 0x00000000a5100000, 0x00000000a5100000|100%| O|  |TAMS 0x00000000a5100000, 0x00000000a5000000| Untracked 
|  81|0x00000000a5100000, 0x00000000a5200000, 0x00000000a5200000|100%|HS|  |TAMS 0x00000000a5200000, 0x00000000a5100000| Complete 
|  82|0x00000000a5200000, 0x00000000a5300000, 0x00000000a5300000|100%|HS|  |TAMS 0x00000000a5300000, 0x00000000a5200000| Complete 
|  83|0x00000000a5300000, 0x00000000a5400000, 0x00000000a5400000|100%| O|  |TAMS 0x00000000a5400000, 0x00000000a5300000| Untracked 
|  84|0x00000000a5400000, 0x00000000a5500000, 0x00000000a5500000|100%| O|  |TAMS 0x00000000a5500000, 0x00000000a5400000| Untracked 
|  85|0x00000000a5500000, 0x00000000a5600000, 0x00000000a5600000|100%| O|  |TAMS 0x00000000a5600000, 0x00000000a5500000| Untracked 
|  86|0x00000000a5600000, 0x00000000a5700000, 0x00000000a5700000|100%| O|  |TAMS 0x00000000a5700000, 0x00000000a5600000| Untracked 
|  87|0x00000000a5700000, 0x00000000a5800000, 0x00000000a5800000|100%| O|  |TAMS 0x00000000a5800000, 0x00000000a5700000| Untracked 
|  88|0x00000000a5800000, 0x00000000a5900000, 0x00000000a5900000|100%| O|  |TAMS 0x00000000a5900000, 0x00000000a5800000| Untracked 
|  89|0x00000000a5900000, 0x00000000a5a00000, 0x00000000a5a00000|100%| O|  |TAMS 0x00000000a5a00000, 0x00000000a5900000| Untracked 
|  90|0x00000000a5a00000, 0x00000000a5b00000, 0x00000000a5b00000|100%| O|  |TAMS 0x00000000a5b00000, 0x00000000a5a00000| Untracked 
|  91|0x00000000a5b00000, 0x00000000a5c00000, 0x00000000a5c00000|100%| O|  |TAMS 0x00000000a5c00000, 0x00000000a5b00000| Untracked 
|  92|0x00000000a5c00000, 0x00000000a5d00000, 0x00000000a5d00000|100%| O|  |TAMS 0x00000000a5d00000, 0x00000000a5c00000| Untracked 
|  93|0x00000000a5d00000, 0x00000000a5e00000, 0x00000000a5e00000|100%| O|  |TAMS 0x00000000a5e00000, 0x00000000a5d00000| Untracked 
|  94|0x00000000a5e00000, 0x00000000a5f00000, 0x00000000a5f00000|100%| O|  |TAMS 0x00000000a5f00000, 0x00000000a5e00000| Untracked 
|  95|0x00000000a5f00000, 0x00000000a6000000, 0x00000000a6000000|100%| O|  |TAMS 0x00000000a6000000, 0x00000000a5f00000| Untracked 
|  96|0x00000000a6000000, 0x00000000a6100000, 0x00000000a6100000|100%| O|  |TAMS 0x00000000a6100000, 0x00000000a6000000| Untracked 
|  97|0x00000000a6100000, 0x00000000a6200000, 0x00000000a6200000|100%| O|  |TAMS 0x00000000a6200000, 0x00000000a6100000| Untracked 
|  98|0x00000000a6200000, 0x00000000a6300000, 0x00000000a6300000|100%| O|  |TAMS 0x00000000a6300000, 0x00000000a6200000| Untracked 
|  99|0x00000000a6300000, 0x00000000a6400000, 0x00000000a6400000|100%| O|  |TAMS 0x00000000a6400000, 0x00000000a6300000| Untracked 
| 100|0x00000000a6400000, 0x00000000a6500000, 0x00000000a6500000|100%| O|  |TAMS 0x00000000a6500000, 0x00000000a6400000| Untracked 
| 101|0x00000000a6500000, 0x00000000a6600000, 0x00000000a6600000|100%|HS|  |TAMS 0x00000000a6600000, 0x00000000a6500000| Complete 
| 102|0x00000000a6600000, 0x00000000a6700000, 0x00000000a6700000|100%|HS|  |TAMS 0x00000000a6700000, 0x00000000a6600000| Complete 
| 103|0x00000000a6700000, 0x00000000a6800000, 0x00000000a6800000|100%|HC|  |TAMS 0x00000000a6800000, 0x00000000a6700000| Complete 
| 104|0x00000000a6800000, 0x00000000a6900000, 0x00000000a6900000|100%|HC|  |TAMS 0x00000000a6900000, 0x00000000a6800000| Complete 
| 105|0x00000000a6900000, 0x00000000a6a00000, 0x00000000a6a00000|100%| O|  |TAMS 0x00000000a6a00000, 0x00000000a6900000| Untracked 
| 106|0x00000000a6a00000, 0x00000000a6b00000, 0x00000000a6b00000|100%| O|  |TAMS 0x00000000a6b00000, 0x00000000a6a00000| Untracked 
| 107|0x00000000a6b00000, 0x00000000a6c00000, 0x00000000a6c00000|100%| O|  |TAMS 0x00000000a6c00000, 0x00000000a6b00000| Untracked 
| 108|0x00000000a6c00000, 0x00000000a6d00000, 0x00000000a6d00000|100%| O|  |TAMS 0x00000000a6d00000, 0x00000000a6c00000| Untracked 
| 109|0x00000000a6d00000, 0x00000000a6e00000, 0x00000000a6e00000|100%| O|  |TAMS 0x00000000a6e00000, 0x00000000a6d00000| Untracked 
| 110|0x00000000a6e00000, 0x00000000a6f00000, 0x00000000a6f00000|100%| O|  |TAMS 0x00000000a6f00000, 0x00000000a6e00000| Untracked 
| 111|0x00000000a6f00000, 0x00000000a7000000, 0x00000000a7000000|100%| O|  |TAMS 0x00000000a7000000, 0x00000000a6f00000| Untracked 
| 112|0x00000000a7000000, 0x00000000a7100000, 0x00000000a7100000|100%| O|  |TAMS 0x00000000a7100000, 0x00000000a7000000| Untracked 
| 113|0x00000000a7100000, 0x00000000a7200000, 0x00000000a7200000|100%| O|  |TAMS 0x00000000a7200000, 0x00000000a7100000| Untracked 
| 114|0x00000000a7200000, 0x00000000a7300000, 0x00000000a7300000|100%|HS|  |TAMS 0x00000000a7300000, 0x00000000a7200000| Complete 
| 115|0x00000000a7300000, 0x00000000a7400000, 0x00000000a7400000|100%|HS|  |TAMS 0x00000000a7400000, 0x00000000a7300000| Complete 
| 116|0x00000000a7400000, 0x00000000a7500000, 0x00000000a7500000|100%| O|  |TAMS 0x00000000a7500000, 0x00000000a7400000| Untracked 
| 117|0x00000000a7500000, 0x00000000a7600000, 0x00000000a7600000|100%| O|  |TAMS 0x00000000a7600000, 0x00000000a7500000| Untracked 
| 118|0x00000000a7600000, 0x00000000a7700000, 0x00000000a7700000|100%| O|  |TAMS 0x00000000a7700000, 0x00000000a7600000| Untracked 
| 119|0x00000000a7700000, 0x00000000a7800000, 0x00000000a7800000|100%| O|  |TAMS 0x00000000a7800000, 0x00000000a7700000| Untracked 
| 120|0x00000000a7800000, 0x00000000a7900000, 0x00000000a7900000|100%| O|  |TAMS 0x00000000a7900000, 0x00000000a7800000| Untracked 
| 121|0x00000000a7900000, 0x00000000a7a00000, 0x00000000a7a00000|100%| O|  |TAMS 0x00000000a7a00000, 0x00000000a7900000| Untracked 
| 122|0x00000000a7a00000, 0x00000000a7b00000, 0x00000000a7b00000|100%| O|  |TAMS 0x00000000a7b00000, 0x00000000a7a00000| Untracked 
| 123|0x00000000a7b00000, 0x00000000a7c00000, 0x00000000a7c00000|100%|HS|  |TAMS 0x00000000a7c00000, 0x00000000a7b00000| Complete 
| 124|0x00000000a7c00000, 0x00000000a7d00000, 0x00000000a7d00000|100%|HS|  |TAMS 0x00000000a7d00000, 0x00000000a7c00000| Complete 
| 125|0x00000000a7d00000, 0x00000000a7e00000, 0x00000000a7e00000|100%|HC|  |TAMS 0x00000000a7e00000, 0x00000000a7d00000| Complete 
| 126|0x00000000a7e00000, 0x00000000a7f00000, 0x00000000a7f00000|100%|HC|  |TAMS 0x00000000a7f00000, 0x00000000a7e00000| Complete 
| 127|0x00000000a7f00000, 0x00000000a8000000, 0x00000000a8000000|100%| O|  |TAMS 0x00000000a8000000, 0x00000000a7f00000| Untracked 
| 128|0x00000000a8000000, 0x00000000a8100000, 0x00000000a8100000|100%| O|  |TAMS 0x00000000a8100000, 0x00000000a8000000| Untracked 
| 129|0x00000000a8100000, 0x00000000a8200000, 0x00000000a8200000|100%| O|  |TAMS 0x00000000a8200000, 0x00000000a8100000| Untracked 
| 130|0x00000000a8200000, 0x00000000a8300000, 0x00000000a8300000|100%| O|  |TAMS 0x00000000a8300000, 0x00000000a8200000| Untracked 
| 131|0x00000000a8300000, 0x00000000a8400000, 0x00000000a8400000|100%| O|  |TAMS 0x00000000a8400000, 0x00000000a8300000| Untracked 
| 132|0x00000000a8400000, 0x00000000a8500000, 0x00000000a8500000|100%| O|  |TAMS 0x00000000a8500000, 0x00000000a8400000| Untracked 
| 133|0x00000000a8500000, 0x00000000a8600000, 0x00000000a8600000|100%| O|  |TAMS 0x00000000a8600000, 0x00000000a8500000| Untracked 
| 134|0x00000000a8600000, 0x00000000a8700000, 0x00000000a8700000|100%| O|  |TAMS 0x00000000a8700000, 0x00000000a8600000| Untracked 
| 135|0x00000000a8700000, 0x00000000a8800000, 0x00000000a8800000|100%| O|  |TAMS 0x00000000a8800000, 0x00000000a8700000| Untracked 
| 136|0x00000000a8800000, 0x00000000a8900000, 0x00000000a8900000|100%| O|  |TAMS 0x00000000a8900000, 0x00000000a8800000| Untracked 
| 137|0x00000000a8900000, 0x00000000a8a00000, 0x00000000a8a00000|100%| O|  |TAMS 0x00000000a8a00000, 0x00000000a8900000| Untracked 
| 138|0x00000000a8a00000, 0x00000000a8b00000, 0x00000000a8b00000|100%| O|  |TAMS 0x00000000a8b00000, 0x00000000a8a00000| Untracked 
| 139|0x00000000a8b00000, 0x00000000a8c00000, 0x00000000a8c00000|100%|HS|  |TAMS 0x00000000a8c00000, 0x00000000a8b00000| Complete 
| 140|0x00000000a8c00000, 0x00000000a8d00000, 0x00000000a8d00000|100%| O|  |TAMS 0x00000000a8d00000, 0x00000000a8c00000| Untracked 
| 141|0x00000000a8d00000, 0x00000000a8e00000, 0x00000000a8e00000|100%| O|  |TAMS 0x00000000a8e00000, 0x00000000a8d00000| Untracked 
| 142|0x00000000a8e00000, 0x00000000a8f00000, 0x00000000a8f00000|100%| O|  |TAMS 0x00000000a8f00000, 0x00000000a8e00000| Untracked 
| 143|0x00000000a8f00000, 0x00000000a9000000, 0x00000000a9000000|100%| O|  |TAMS 0x00000000a9000000, 0x00000000a8f00000| Untracked 
| 144|0x00000000a9000000, 0x00000000a9100000, 0x00000000a9100000|100%| O|  |TAMS 0x00000000a9100000, 0x00000000a9000000| Untracked 
| 145|0x00000000a9100000, 0x00000000a9200000, 0x00000000a9200000|100%| O|  |TAMS 0x00000000a9200000, 0x00000000a9100000| Untracked 
| 146|0x00000000a9200000, 0x00000000a9300000, 0x00000000a9300000|100%| O|  |TAMS 0x00000000a9300000, 0x00000000a9200000| Untracked 
| 147|0x00000000a9300000, 0x00000000a9400000, 0x00000000a9400000|100%| O|  |TAMS 0x00000000a9400000, 0x00000000a9300000| Untracked 
| 148|0x00000000a9400000, 0x00000000a9500000, 0x00000000a9500000|100%| O|  |TAMS 0x00000000a9500000, 0x00000000a9400000| Untracked 
| 149|0x00000000a9500000, 0x00000000a9600000, 0x00000000a9600000|100%| O|  |TAMS 0x00000000a9600000, 0x00000000a9500000| Untracked 
| 150|0x00000000a9600000, 0x00000000a9700000, 0x00000000a9700000|100%| O|  |TAMS 0x00000000a9700000, 0x00000000a9600000| Untracked 
| 151|0x00000000a9700000, 0x00000000a9800000, 0x00000000a9800000|100%| O|  |TAMS 0x00000000a9800000, 0x00000000a9700000| Untracked 
| 152|0x00000000a9800000, 0x00000000a9900000, 0x00000000a9900000|100%| O|  |TAMS 0x00000000a9900000, 0x00000000a9800000| Untracked 
| 153|0x00000000a9900000, 0x00000000a9a00000, 0x00000000a9a00000|100%| O|  |TAMS 0x00000000a9a00000, 0x00000000a9900000| Untracked 
| 154|0x00000000a9a00000, 0x00000000a9b00000, 0x00000000a9b00000|100%| O|  |TAMS 0x00000000a9b00000, 0x00000000a9a00000| Untracked 
| 155|0x00000000a9b00000, 0x00000000a9c00000, 0x00000000a9c00000|100%| O|  |TAMS 0x00000000a9c00000, 0x00000000a9b00000| Untracked 
| 156|0x00000000a9c00000, 0x00000000a9d00000, 0x00000000a9d00000|100%| O|  |TAMS 0x00000000a9d00000, 0x00000000a9c00000| Untracked 
| 157|0x00000000a9d00000, 0x00000000a9e00000, 0x00000000a9e00000|100%| O|  |TAMS 0x00000000a9e00000, 0x00000000a9d00000| Untracked 
| 158|0x00000000a9e00000, 0x00000000a9f00000, 0x00000000a9f00000|100%| O|  |TAMS 0x00000000a9f00000, 0x00000000a9e00000| Untracked 
| 159|0x00000000a9f00000, 0x00000000aa000000, 0x00000000aa000000|100%| O|  |TAMS 0x00000000aa000000, 0x00000000a9f00000| Untracked 
| 160|0x00000000aa000000, 0x00000000aa100000, 0x00000000aa100000|100%| O|  |TAMS 0x00000000aa100000, 0x00000000aa000000| Untracked 
| 161|0x00000000aa100000, 0x00000000aa200000, 0x00000000aa200000|100%| O|  |TAMS 0x00000000aa200000, 0x00000000aa100000| Untracked 
| 162|0x00000000aa200000, 0x00000000aa300000, 0x00000000aa300000|100%| O|  |TAMS 0x00000000aa300000, 0x00000000aa200000| Untracked 
| 163|0x00000000aa300000, 0x00000000aa400000, 0x00000000aa400000|100%| O|  |TAMS 0x00000000aa400000, 0x00000000aa300000| Untracked 
| 164|0x00000000aa400000, 0x00000000aa500000, 0x00000000aa500000|100%| O|  |TAMS 0x00000000aa500000, 0x00000000aa400000| Untracked 
| 165|0x00000000aa500000, 0x00000000aa600000, 0x00000000aa600000|100%| O|  |TAMS 0x00000000aa600000, 0x00000000aa500000| Untracked 
| 166|0x00000000aa600000, 0x00000000aa700000, 0x00000000aa700000|100%| O|  |TAMS 0x00000000aa700000, 0x00000000aa600000| Untracked 
| 167|0x00000000aa700000, 0x00000000aa800000, 0x00000000aa800000|100%| O|  |TAMS 0x00000000aa800000, 0x00000000aa700000| Untracked 
| 168|0x00000000aa800000, 0x00000000aa900000, 0x00000000aa900000|100%| O|  |TAMS 0x00000000aa900000, 0x00000000aa800000| Untracked 
| 169|0x00000000aa900000, 0x00000000aaa00000, 0x00000000aaa00000|100%| O|  |TAMS 0x00000000aaa00000, 0x00000000aa900000| Untracked 
| 170|0x00000000aaa00000, 0x00000000aab00000, 0x00000000aab00000|100%| O|  |TAMS 0x00000000aab00000, 0x00000000aaa00000| Untracked 
| 171|0x00000000aab00000, 0x00000000aac00000, 0x00000000aac00000|100%| O|  |TAMS 0x00000000aac00000, 0x00000000aab00000| Untracked 
| 172|0x00000000aac00000, 0x00000000aad00000, 0x00000000aad00000|100%| O|  |TAMS 0x00000000aad00000, 0x00000000aac00000| Untracked 
| 173|0x00000000aad00000, 0x00000000aae00000, 0x00000000aae00000|100%| O|  |TAMS 0x00000000aae00000, 0x00000000aad00000| Untracked 
| 174|0x00000000aae00000, 0x00000000aaf00000, 0x00000000aaf00000|100%| O|  |TAMS 0x00000000aaf00000, 0x00000000aae00000| Untracked 
| 175|0x00000000aaf00000, 0x00000000ab000000, 0x00000000ab000000|100%| O|  |TAMS 0x00000000ab000000, 0x00000000aaf00000| Untracked 
| 176|0x00000000ab000000, 0x00000000ab100000, 0x00000000ab100000|100%| O|  |TAMS 0x00000000ab100000, 0x00000000ab000000| Untracked 
| 177|0x00000000ab100000, 0x00000000ab200000, 0x00000000ab200000|100%| O|  |TAMS 0x00000000ab200000, 0x00000000ab100000| Untracked 
| 178|0x00000000ab200000, 0x00000000ab300000, 0x00000000ab300000|100%| O|  |TAMS 0x00000000ab300000, 0x00000000ab200000| Untracked 
| 179|0x00000000ab300000, 0x00000000ab400000, 0x00000000ab400000|100%| O|  |TAMS 0x00000000ab400000, 0x00000000ab300000| Untracked 
| 180|0x00000000ab400000, 0x00000000ab500000, 0x00000000ab500000|100%| O|  |TAMS 0x00000000ab500000, 0x00000000ab400000| Untracked 
| 181|0x00000000ab500000, 0x00000000ab600000, 0x00000000ab600000|100%| O|  |TAMS 0x00000000ab600000, 0x00000000ab500000| Untracked 
| 182|0x00000000ab600000, 0x00000000ab700000, 0x00000000ab700000|100%| O|  |TAMS 0x00000000ab700000, 0x00000000ab600000| Untracked 
| 183|0x00000000ab700000, 0x00000000ab800000, 0x00000000ab800000|100%| O|  |TAMS 0x00000000ab800000, 0x00000000ab700000| Untracked 
| 184|0x00000000ab800000, 0x00000000ab900000, 0x00000000ab900000|100%| O|  |TAMS 0x00000000ab900000, 0x00000000ab800000| Untracked 
| 185|0x00000000ab900000, 0x00000000ab900000, 0x00000000aba00000|  0%| F|  |TAMS 0x00000000ab900000, 0x00000000ab900000| Untracked 
| 186|0x00000000aba00000, 0x00000000aba00000, 0x00000000abb00000|  0%| F|  |TAMS 0x00000000aba00000, 0x00000000aba00000| Untracked 
| 187|0x00000000abb00000, 0x00000000abb00000, 0x00000000abc00000|  0%| F|  |TAMS 0x00000000abb00000, 0x00000000abb00000| Untracked 
| 188|0x00000000abc00000, 0x00000000abc00000, 0x00000000abd00000|  0%| F|  |TAMS 0x00000000abc00000, 0x00000000abc00000| Untracked 
| 189|0x00000000abd00000, 0x00000000abd00000, 0x00000000abe00000|  0%| F|  |TAMS 0x00000000abd00000, 0x00000000abd00000| Untracked 
| 190|0x00000000abe00000, 0x00000000abe00000, 0x00000000abf00000|  0%| F|  |TAMS 0x00000000abe00000, 0x00000000abe00000| Untracked 
| 191|0x00000000abf00000, 0x00000000abf00000, 0x00000000ac000000|  0%| F|  |TAMS 0x00000000abf00000, 0x00000000abf00000| Untracked 
| 192|0x00000000ac000000, 0x00000000ac000000, 0x00000000ac100000|  0%| F|  |TAMS 0x00000000ac000000, 0x00000000ac000000| Untracked 
| 193|0x00000000ac100000, 0x00000000ac100000, 0x00000000ac200000|  0%| F|  |TAMS 0x00000000ac100000, 0x00000000ac100000| Untracked 
| 194|0x00000000ac200000, 0x00000000ac200000, 0x00000000ac300000|  0%| F|  |TAMS 0x00000000ac200000, 0x00000000ac200000| Untracked 
| 195|0x00000000ac300000, 0x00000000ac300000, 0x00000000ac400000|  0%| F|  |TAMS 0x00000000ac300000, 0x00000000ac300000| Untracked 
| 196|0x00000000ac400000, 0x00000000ac400000, 0x00000000ac500000|  0%| F|  |TAMS 0x00000000ac400000, 0x00000000ac400000| Untracked 
| 197|0x00000000ac500000, 0x00000000ac500000, 0x00000000ac600000|  0%| F|  |TAMS 0x00000000ac500000, 0x00000000ac500000| Untracked 
| 198|0x00000000ac600000, 0x00000000ac600000, 0x00000000ac700000|  0%| F|  |TAMS 0x00000000ac600000, 0x00000000ac600000| Untracked 
| 199|0x00000000ac700000, 0x00000000ac700000, 0x00000000ac800000|  0%| F|  |TAMS 0x00000000ac700000, 0x00000000ac700000| Untracked 
| 200|0x00000000ac800000, 0x00000000ac800000, 0x00000000ac900000|  0%| F|  |TAMS 0x00000000ac800000, 0x00000000ac800000| Untracked 
| 201|0x00000000ac900000, 0x00000000ac900000, 0x00000000aca00000|  0%| F|  |TAMS 0x00000000ac900000, 0x00000000ac900000| Untracked 
| 202|0x00000000aca00000, 0x00000000aca00000, 0x00000000acb00000|  0%| F|  |TAMS 0x00000000aca00000, 0x00000000aca00000| Untracked 
| 203|0x00000000acb00000, 0x00000000acb00000, 0x00000000acc00000|  0%| F|  |TAMS 0x00000000acb00000, 0x00000000acb00000| Untracked 
| 204|0x00000000acc00000, 0x00000000acc00000, 0x00000000acd00000|  0%| F|  |TAMS 0x00000000acc00000, 0x00000000acc00000| Untracked 
| 205|0x00000000acd00000, 0x00000000acd00000, 0x00000000ace00000|  0%| F|  |TAMS 0x00000000acd00000, 0x00000000acd00000| Untracked 
| 206|0x00000000ace00000, 0x00000000ace00000, 0x00000000acf00000|  0%| F|  |TAMS 0x00000000ace00000, 0x00000000ace00000| Untracked 
| 207|0x00000000acf00000, 0x00000000acf00000, 0x00000000ad000000|  0%| F|  |TAMS 0x00000000acf00000, 0x00000000acf00000| Untracked 
| 208|0x00000000ad000000, 0x00000000ad000000, 0x00000000ad100000|  0%| F|  |TAMS 0x00000000ad000000, 0x00000000ad000000| Untracked 
| 209|0x00000000ad100000, 0x00000000ad100000, 0x00000000ad200000|  0%| F|  |TAMS 0x00000000ad100000, 0x00000000ad100000| Untracked 
| 210|0x00000000ad200000, 0x00000000ad200000, 0x00000000ad300000|  0%| F|  |TAMS 0x00000000ad200000, 0x00000000ad200000| Untracked 
| 211|0x00000000ad300000, 0x00000000ad300000, 0x00000000ad400000|  0%| F|  |TAMS 0x00000000ad300000, 0x00000000ad300000| Untracked 
| 212|0x00000000ad400000, 0x00000000ad400000, 0x00000000ad500000|  0%| F|  |TAMS 0x00000000ad400000, 0x00000000ad400000| Untracked 
| 213|0x00000000ad500000, 0x00000000ad500000, 0x00000000ad600000|  0%| F|  |TAMS 0x00000000ad500000, 0x00000000ad500000| Untracked 
| 214|0x00000000ad600000, 0x00000000ad600000, 0x00000000ad700000|  0%| F|  |TAMS 0x00000000ad600000, 0x00000000ad600000| Untracked 
| 215|0x00000000ad700000, 0x00000000ad700000, 0x00000000ad800000|  0%| F|  |TAMS 0x00000000ad700000, 0x00000000ad700000| Untracked 
| 216|0x00000000ad800000, 0x00000000ad800000, 0x00000000ad900000|  0%| F|  |TAMS 0x00000000ad800000, 0x00000000ad800000| Untracked 
| 217|0x00000000ad900000, 0x00000000ad900000, 0x00000000ada00000|  0%| F|  |TAMS 0x00000000ad900000, 0x00000000ad900000| Untracked 
| 218|0x00000000ada00000, 0x00000000ada00000, 0x00000000adb00000|  0%| F|  |TAMS 0x00000000ada00000, 0x00000000ada00000| Untracked 
| 219|0x00000000adb00000, 0x00000000adb00000, 0x00000000adc00000|  0%| F|  |TAMS 0x00000000adb00000, 0x00000000adb00000| Untracked 
| 220|0x00000000adc00000, 0x00000000adc00000, 0x00000000add00000|  0%| F|  |TAMS 0x00000000adc00000, 0x00000000adc00000| Untracked 
| 221|0x00000000add00000, 0x00000000add00000, 0x00000000ade00000|  0%| F|  |TAMS 0x00000000add00000, 0x00000000add00000| Untracked 
| 222|0x00000000ade00000, 0x00000000ade00000, 0x00000000adf00000|  0%| F|  |TAMS 0x00000000ade00000, 0x00000000ade00000| Untracked 
| 223|0x00000000adf00000, 0x00000000adf00000, 0x00000000ae000000|  0%| F|  |TAMS 0x00000000adf00000, 0x00000000adf00000| Untracked 
| 224|0x00000000ae000000, 0x00000000ae000000, 0x00000000ae100000|  0%| F|  |TAMS 0x00000000ae000000, 0x00000000ae000000| Untracked 
| 225|0x00000000ae100000, 0x00000000ae100000, 0x00000000ae200000|  0%| F|  |TAMS 0x00000000ae100000, 0x00000000ae100000| Untracked 
| 226|0x00000000ae200000, 0x00000000ae200000, 0x00000000ae300000|  0%| F|  |TAMS 0x00000000ae200000, 0x00000000ae200000| Untracked 
| 227|0x00000000ae300000, 0x00000000ae300000, 0x00000000ae400000|  0%| F|  |TAMS 0x00000000ae300000, 0x00000000ae300000| Untracked 
| 228|0x00000000ae400000, 0x00000000ae400000, 0x00000000ae500000|  0%| F|  |TAMS 0x00000000ae400000, 0x00000000ae400000| Untracked 
| 229|0x00000000ae500000, 0x00000000ae500000, 0x00000000ae600000|  0%| F|  |TAMS 0x00000000ae500000, 0x00000000ae500000| Untracked 
| 230|0x00000000ae600000, 0x00000000ae600000, 0x00000000ae700000|  0%| F|  |TAMS 0x00000000ae600000, 0x00000000ae600000| Untracked 
| 231|0x00000000ae700000, 0x00000000ae700000, 0x00000000ae800000|  0%| F|  |TAMS 0x00000000ae700000, 0x00000000ae700000| Untracked 
| 232|0x00000000ae800000, 0x00000000ae800000, 0x00000000ae900000|  0%| F|  |TAMS 0x00000000ae800000, 0x00000000ae800000| Untracked 
| 233|0x00000000ae900000, 0x00000000ae900000, 0x00000000aea00000|  0%| F|  |TAMS 0x00000000ae900000, 0x00000000ae900000| Untracked 
| 234|0x00000000aea00000, 0x00000000aea00000, 0x00000000aeb00000|  0%| F|  |TAMS 0x00000000aea00000, 0x00000000aea00000| Untracked 
| 235|0x00000000aeb00000, 0x00000000aeb00000, 0x00000000aec00000|  0%| F|  |TAMS 0x00000000aeb00000, 0x00000000aeb00000| Untracked 
| 236|0x00000000aec00000, 0x00000000aec00000, 0x00000000aed00000|  0%| F|  |TAMS 0x00000000aec00000, 0x00000000aec00000| Untracked 
| 237|0x00000000aed00000, 0x00000000aed00000, 0x00000000aee00000|  0%| F|  |TAMS 0x00000000aed00000, 0x00000000aed00000| Untracked 
| 238|0x00000000aee00000, 0x00000000aee00000, 0x00000000aef00000|  0%| F|  |TAMS 0x00000000aee00000, 0x00000000aee00000| Untracked 
| 239|0x00000000aef00000, 0x00000000aef00000, 0x00000000af000000|  0%| F|  |TAMS 0x00000000aef00000, 0x00000000aef00000| Untracked 
| 240|0x00000000af000000, 0x00000000af000000, 0x00000000af100000|  0%| F|  |TAMS 0x00000000af000000, 0x00000000af000000| Untracked 
| 241|0x00000000af100000, 0x00000000af100000, 0x00000000af200000|  0%| F|  |TAMS 0x00000000af100000, 0x00000000af100000| Untracked 
| 242|0x00000000af200000, 0x00000000af2c0d50, 0x00000000af300000| 75%| S|CS|TAMS 0x00000000af200000, 0x00000000af200000| Complete 
| 243|0x00000000af300000, 0x00000000af400000, 0x00000000af400000|100%| S|CS|TAMS 0x00000000af300000, 0x00000000af300000| Complete 
| 244|0x00000000af400000, 0x00000000af400000, 0x00000000af500000|  0%| F|  |TAMS 0x00000000af400000, 0x00000000af400000| Untracked 
| 245|0x00000000af500000, 0x00000000af500000, 0x00000000af600000|  0%| F|  |TAMS 0x00000000af500000, 0x00000000af500000| Untracked 
| 246|0x00000000af600000, 0x00000000af600000, 0x00000000af700000|  0%| F|  |TAMS 0x00000000af600000, 0x00000000af600000| Untracked 
| 247|0x00000000af700000, 0x00000000af700000, 0x00000000af800000|  0%| F|  |TAMS 0x00000000af700000, 0x00000000af700000| Untracked 
| 248|0x00000000af800000, 0x00000000af800000, 0x00000000af900000|  0%| F|  |TAMS 0x00000000af800000, 0x00000000af800000| Untracked 
| 249|0x00000000af900000, 0x00000000af900000, 0x00000000afa00000|  0%| F|  |TAMS 0x00000000af900000, 0x00000000af900000| Untracked 
| 250|0x00000000afa00000, 0x00000000afa00000, 0x00000000afb00000|  0%| F|  |TAMS 0x00000000afa00000, 0x00000000afa00000| Untracked 
| 251|0x00000000afb00000, 0x00000000afb00000, 0x00000000afc00000|  0%| F|  |TAMS 0x00000000afb00000, 0x00000000afb00000| Untracked 
| 252|0x00000000afc00000, 0x00000000afc00000, 0x00000000afd00000|  0%| F|  |TAMS 0x00000000afc00000, 0x00000000afc00000| Untracked 
| 253|0x00000000afd00000, 0x00000000afd00000, 0x00000000afe00000|  0%| F|  |TAMS 0x00000000afd00000, 0x00000000afd00000| Untracked 
| 254|0x00000000afe00000, 0x00000000afe00000, 0x00000000aff00000|  0%| F|  |TAMS 0x00000000afe00000, 0x00000000afe00000| Untracked 
| 255|0x00000000aff00000, 0x00000000aff00000, 0x00000000b0000000|  0%| F|  |TAMS 0x00000000aff00000, 0x00000000aff00000| Untracked 
| 256|0x00000000b0000000, 0x00000000b0000000, 0x00000000b0100000|  0%| F|  |TAMS 0x00000000b0000000, 0x00000000b0000000| Untracked 
| 257|0x00000000b0100000, 0x00000000b0100000, 0x00000000b0200000|  0%| F|  |TAMS 0x00000000b0100000, 0x00000000b0100000| Untracked 
| 258|0x00000000b0200000, 0x00000000b0200000, 0x00000000b0300000|  0%| F|  |TAMS 0x00000000b0200000, 0x00000000b0200000| Untracked 
| 259|0x00000000b0300000, 0x00000000b0300000, 0x00000000b0400000|  0%| F|  |TAMS 0x00000000b0300000, 0x00000000b0300000| Untracked 
| 260|0x00000000b0400000, 0x00000000b0400000, 0x00000000b0500000|  0%| F|  |TAMS 0x00000000b0400000, 0x00000000b0400000| Untracked 
| 261|0x00000000b0500000, 0x00000000b0500000, 0x00000000b0600000|  0%| F|  |TAMS 0x00000000b0500000, 0x00000000b0500000| Untracked 
| 262|0x00000000b0600000, 0x00000000b0600000, 0x00000000b0700000|  0%| F|  |TAMS 0x00000000b0600000, 0x00000000b0600000| Untracked 
| 263|0x00000000b0700000, 0x00000000b0700000, 0x00000000b0800000|  0%| F|  |TAMS 0x00000000b0700000, 0x00000000b0700000| Untracked 
| 264|0x00000000b0800000, 0x00000000b0800000, 0x00000000b0900000|  0%| F|  |TAMS 0x00000000b0800000, 0x00000000b0800000| Untracked 
| 265|0x00000000b0900000, 0x00000000b0900000, 0x00000000b0a00000|  0%| F|  |TAMS 0x00000000b0900000, 0x00000000b0900000| Untracked 
| 266|0x00000000b0a00000, 0x00000000b0a00000, 0x00000000b0b00000|  0%| F|  |TAMS 0x00000000b0a00000, 0x00000000b0a00000| Untracked 
| 267|0x00000000b0b00000, 0x00000000b0b00000, 0x00000000b0c00000|  0%| F|  |TAMS 0x00000000b0b00000, 0x00000000b0b00000| Untracked 
| 268|0x00000000b0c00000, 0x00000000b0c00000, 0x00000000b0d00000|  0%| F|  |TAMS 0x00000000b0c00000, 0x00000000b0c00000| Untracked 
| 269|0x00000000b0d00000, 0x00000000b0d8d2b0, 0x00000000b0e00000| 55%| E|  |TAMS 0x00000000b0d00000, 0x00000000b0d00000| Complete 
| 270|0x00000000b0e00000, 0x00000000b0f00000, 0x00000000b0f00000|100%| E|CS|TAMS 0x00000000b0e00000, 0x00000000b0e00000| Complete 
| 271|0x00000000b0f00000, 0x00000000b1000000, 0x00000000b1000000|100%| E|CS|TAMS 0x00000000b0f00000, 0x00000000b0f00000| Complete 
| 272|0x00000000b1000000, 0x00000000b1100000, 0x00000000b1100000|100%| E|CS|TAMS 0x00000000b1000000, 0x00000000b1000000| Complete 
| 273|0x00000000b1100000, 0x00000000b1200000, 0x00000000b1200000|100%| E|CS|TAMS 0x00000000b1100000, 0x00000000b1100000| Complete 

Card table byte_map: [0x000001f91b0b0000,0x000001f91b3b0000] _byte_map_base: 0x000001f91abb0000

Marking Bits (Prev, Next): (CMBitMap*) 0x000001f904715f00, (CMBitMap*) 0x000001f904715ec8
 Prev Bits: [0x000001f91ceb0000, 0x000001f91e6b0000)
 Next Bits: [0x000001f91b6b0000, 0x000001f91ceb0000)

Polling page: 0x000001f9026b0000

Metaspace:

Usage:
  Non-class:     81.33 MB capacity,    77.97 MB ( 96%) used,     3.06 MB (  4%) free+waste,   301.31 KB ( <1%) overhead. 
      Class:     13.41 MB capacity,    11.94 MB ( 89%) used,     1.33 MB ( 10%) free+waste,   146.38 KB (  1%) overhead. 
       Both:     94.74 MB capacity,    89.91 MB ( 95%) used,     4.39 MB (  5%) free+waste,   447.69 KB ( <1%) overhead. 

Virtual space:
  Non-class space:       82.00 MB reserved,      81.45 MB (>99%) committed 
      Class space:        1.00 GB reserved,      13.50 MB (  1%) committed 
             Both:        1.08 GB reserved,      94.95 MB (  9%) committed 

Chunk freelists:
   Non-Class:  384 bytes
       Class:  0 bytes
        Both:  384 bytes

CodeHeap 'non-profiled nmethods': size=120064Kb used=8524Kb max_used=9196Kb free=111539Kb
 bounds [0x000001f913870000, 0x000001f914170000, 0x000001f91adb0000]
CodeHeap 'profiled nmethods': size=120000Kb used=27096Kb max_used=29390Kb free=92903Kb
 bounds [0x000001f90c340000, 0x000001f90e000000, 0x000001f913870000]
CodeHeap 'non-nmethods': size=5696Kb used=2294Kb max_used=2366Kb free=3401Kb
 bounds [0x000001f90bdb0000, 0x000001f90c020000, 0x000001f90c340000]
 total_blobs=13517 nmethods=12624 adapters=802
 compilation: enabled
              stopped_count=0, restarted_count=0
 full_count=0

Compilation events (10 events):
Event: 59.608 Thread 0x000001f920bd2000 13571       3       org.gradle.internal.io.LineBufferingOutputStream::write (59 bytes)
Event: 59.610 Thread 0x000001f920bd2000 nmethod 13571 0x000001f90c353810 code [0x000001f90c353ac0, 0x000001f90c354898]
Event: 59.610 Thread 0x000001f920bd2000 13572       3       org.gradle.internal.io.StreamByteBuffer$StreamByteBufferOutputStream::write (22 bytes)
Event: 59.610 Thread 0x000001f920bd2000 nmethod 13572 0x000001f90c353210 code [0x000001f90c3533c0, 0x000001f90c353648]
Event: 59.621 Thread 0x000001f920bcd000 nmethod 13569 0x000001f913890b10 code [0x000001f913890d00, 0x000001f913891450]
Event: 59.621 Thread 0x000001f920bcd000 13570       4       org.gradle.internal.logging.text.AbstractLineChoppingStyledTextOutput$StateContext::hasChar (25 bytes)
Event: 59.622 Thread 0x000001f920bcd000 nmethod 13570 0x000001f913878f10 code [0x000001f913879080, 0x000001f913879118]
Event: 59.642 Thread 0x000001f920bd2000 13573       1       org.gradle.internal.serialize.Serializers$StatefulSerializerAdapter::access$000 (5 bytes)
Event: 59.642 Thread 0x000001f920bd2000 nmethod 13573 0x000001f913888110 code [0x000001f9138882a0, 0x000001f913888338]
Event: 60.083 Thread 0x000001f920bcd000 13574       4       java.util.concurrent.locks.AbstractQueuedSynchronizer$ConditionObject::awaitNanos (181 bytes)

GC Heap History (10 events):
Event: 42.826 GC heap before
{Heap before GC invocations=63 (full 0):
 garbage-first heap   total 227328K, used 191335K [0x00000000a0000000, 0x0000000100000000)
  region size 1024K, 21 young (21504K), 3 survivors (3072K)
 Metaspace       used 89277K, capacity 93999K, committed 94032K, reserved 1130496K
  class space    used 11738K, capacity 13156K, committed 13184K, reserved 1048576K
}
Event: 42.844 GC heap after
{Heap after GC invocations=64 (full 0):
 garbage-first heap   total 227328K, used 179756K [0x00000000a0000000, 0x0000000100000000)
  region size 1024K, 3 young (3072K), 3 survivors (3072K)
 Metaspace       used 89277K, capacity 93999K, committed 94032K, reserved 1130496K
  class space    used 11738K, capacity 13156K, committed 13184K, reserved 1048576K
}
Event: 43.174 GC heap before
{Heap before GC invocations=65 (full 0):
 garbage-first heap   total 227328K, used 193068K [0x00000000a0000000, 0x0000000100000000)
  region size 1024K, 16 young (16384K), 3 survivors (3072K)
 Metaspace       used 89535K, capacity 94296K, committed 94544K, reserved 1130496K
  class space    used 11766K, capacity 13165K, committed 13184K, reserved 1048576K
}
Event: 43.190 GC heap after
{Heap after GC invocations=66 (full 0):
 garbage-first heap   total 280576K, used 182272K [0x00000000a0000000, 0x0000000100000000)
  region size 1024K, 2 young (2048K), 2 survivors (2048K)
 Metaspace       used 89535K, capacity 94296K, committed 94544K, reserved 1130496K
  class space    used 11766K, capacity 13165K, committed 13184K, reserved 1048576K
}
Event: 43.658 GC heap before
{Heap before GC invocations=66 (full 0):
 garbage-first heap   total 280576K, used 211968K [0x00000000a0000000, 0x0000000100000000)
  region size 1024K, 31 young (31744K), 2 survivors (2048K)
 Metaspace       used 90396K, capacity 95219K, committed 95568K, reserved 1132544K
  class space    used 11901K, capacity 13338K, committed 13440K, reserved 1048576K
}
Event: 43.676 GC heap after
{Heap after GC invocations=67 (full 0):
 garbage-first heap   total 280576K, used 186558K [0x00000000a0000000, 0x0000000100000000)
  region size 1024K, 4 young (4096K), 4 survivors (4096K)
 Metaspace       used 90396K, capacity 95219K, committed 95568K, reserved 1132544K
  class space    used 11901K, capacity 13338K, committed 13440K, reserved 1048576K
}
Event: 44.512 GC heap before
{Heap before GC invocations=68 (full 0):
 garbage-first heap   total 280576K, used 216254K [0x00000000a0000000, 0x0000000100000000)
  region size 1024K, 33 young (33792K), 4 survivors (4096K)
 Metaspace       used 91298K, capacity 96232K, committed 96464K, reserved 1132544K
  class space    used 12089K, capacity 13552K, committed 13568K, reserved 1048576K
}
Event: 44.532 GC heap after
{Heap after GC invocations=69 (full 0):
 garbage-first heap   total 280576K, used 189331K [0x00000000a0000000, 0x0000000100000000)
  region size 1024K, 3 young (3072K), 3 survivors (3072K)
 Metaspace       used 91298K, capacity 96232K, committed 96464K, reserved 1132544K
  class space    used 12089K, capacity 13552K, committed 13568K, reserved 1048576K
}
Event: 45.108 GC heap before
{Heap before GC invocations=69 (full 0):
 garbage-first heap   total 280576K, used 220051K [0x00000000a0000000, 0x0000000100000000)
  region size 1024K, 33 young (33792K), 3 survivors (3072K)
 Metaspace       used 91853K, capacity 96809K, committed 96848K, reserved 1132544K
  class space    used 12203K, capacity 13683K, committed 13696K, reserved 1048576K
}
Event: 45.116 GC heap after
{Heap after GC invocations=70 (full 0):
 garbage-first heap   total 280576K, used 191235K [0x00000000a0000000, 0x0000000100000000)
  region size 1024K, 2 young (2048K), 2 survivors (2048K)
 Metaspace       used 91853K, capacity 96809K, committed 96848K, reserved 1132544K
  class space    used 12203K, capacity 13683K, committed 13696K, reserved 1048576K
}

Deoptimization events (10 events):
Event: 45.035 Thread 0x000001f922b04000 Uncommon trap: reason=class_check action=maybe_recompile pc=0x000001f91412ca58 method=org.gradle.internal.snapshot.ChildMap$Entry.handleAncestorDescendantOrExactMatch(Lorg/gradle/internal/snapshot/VfsRelativePath;Lorg/gradle/internal/snapshot/CaseSensitiv
Event: 45.035 Thread 0x000001f922b04000 Uncommon trap: reason=class_check action=maybe_recompile pc=0x000001f914137884 method=org.gradle.internal.snapshot.ChildMap$Entry.handleAncestorDescendantOrExactMatch(Lorg/gradle/internal/snapshot/VfsRelativePath;Lorg/gradle/internal/snapshot/CaseSensitiv
Event: 45.035 Thread 0x000001f922b04000 Uncommon trap: reason=unstable_if action=reinterpret pc=0x000001f91415fdb0 method=org.gradle.internal.snapshot.AbstractListChildMap.withReplacedChild(ILjava/lang/String;Ljava/lang/Object;)Lorg/gradle/internal/snapshot/ChildMap; @ 36 c2
Event: 45.069 Thread 0x000001f922b04000 Uncommon trap: reason=unstable_if action=reinterpret pc=0x000001f9140d9564 method=org.gradle.api.internal.AbstractTask.notifyProjectAccess()V @ 7 c2
Event: 56.600 Thread 0x000001f92402d800 Uncommon trap: reason=bimorphic_or_optimized_type_check action=maybe_recompile pc=0x000001f913fe8690 method=java.util.HashMap.removeNode(ILjava/lang/Object;Ljava/lang/Object;ZZ)Ljava/util/HashMap$Node; @ 283 c2
Event: 56.600 Thread 0x000001f92402d800 Uncommon trap: reason=bimorphic_or_optimized_type_check action=maybe_recompile pc=0x000001f913fe8690 method=java.util.HashMap.removeNode(ILjava/lang/Object;Ljava/lang/Object;ZZ)Ljava/util/HashMap$Node; @ 283 c2
Event: 59.555 Thread 0x000001f922b07000 Uncommon trap: reason=bimorphic_or_optimized_type_check action=maybe_recompile pc=0x000001f913e32184 method=org.gradle.internal.logging.sink.OutputEventRenderer.onOutput(Lorg/gradle/internal/logging/events/OutputEvent;)V @ 1 c2
Event: 59.556 Thread 0x000001f922b07000 Uncommon trap: reason=bimorphic_or_optimized_type_check action=maybe_recompile pc=0x000001f913e32184 method=org.gradle.internal.logging.sink.OutputEventRenderer.onOutput(Lorg/gradle/internal/logging/events/OutputEvent;)V @ 1 c2
Event: 59.607 Thread 0x000001f922b07000 Uncommon trap: reason=bimorphic_or_optimized_type_check action=maybe_recompile pc=0x000001f913e32184 method=org.gradle.internal.logging.sink.OutputEventRenderer.onOutput(Lorg/gradle/internal/logging/events/OutputEvent;)V @ 1 c2
Event: 59.608 Thread 0x000001f922b07000 Uncommon trap: reason=bimorphic_or_optimized_type_check action=maybe_recompile pc=0x000001f913e32184 method=org.gradle.internal.logging.sink.OutputEventRenderer.onOutput(Lorg/gradle/internal/logging/events/OutputEvent;)V @ 1 c2

Classes redefined (0 events):
No events

Internal exceptions (10 events):
Event: 45.150 Thread 0x000001f922b04000 Exception <a 'java/lang/ClassNotFoundException'{0x00000000b10c8b30}: org/gradle/api/logging/LogLevelCustomizer> (0x00000000b10c8b30) thrown at [./open/src/hotspot/share/classfile/systemDictionary.cpp, line 226]
Event: 45.163 Thread 0x000001f922b04000 Exception <a 'java/lang/ClassNotFoundException'{0x00000000b0f37f78}: org/gradle/internal/logging/services/DefaultLoggingManagerBeanInfo> (0x00000000b0f37f78) thrown at [./open/src/hotspot/share/classfile/systemDictionary.cpp, line 226]
Event: 45.164 Thread 0x000001f922b04000 Exception <a 'java/lang/ClassNotFoundException'{0x00000000b0f6af80}: org/gradle/internal/logging/services/DefaultLoggingManagerCustomizer> (0x00000000b0f6af80) thrown at [./open/src/hotspot/share/classfile/systemDictionary.cpp, line 226]
Event: 45.169 Thread 0x000001f922b04000 Exception <a 'java/lang/ClassNotFoundException'{0x00000000b0fa4a18}: java/lang/BooleanBeanInfo> (0x00000000b0fa4a18) thrown at [./open/src/hotspot/share/classfile/systemDictionary.cpp, line 226]
Event: 45.169 Thread 0x000001f922b04000 Exception <a 'java/lang/ClassNotFoundException'{0x00000000b0fae3f0}: java/lang/BooleanCustomizer> (0x00000000b0fae3f0) thrown at [./open/src/hotspot/share/classfile/systemDictionary.cpp, line 226]
Event: 45.940 Thread 0x000001f922b00800 Exception <a 'java/lang/NoSuchMethodError'{0x00000000b0e58158}: java.lang.invoke.DirectMethodHandle$Holder.invokeStatic(Ljava/lang/Object;J)V> (0x00000000b0e58158) thrown at [./open/src/hotspot/share/interpreter/linkResolver.cpp, line 772]
Event: 45.941 Thread 0x000001f922b00800 Exception <a 'java/lang/NoSuchMethodError'{0x00000000b0e5d0c0}: java.lang.invoke.DirectMethodHandle$Holder.invokeStatic(Ljava/lang/Object;J)Ljava/lang/Object;> (0x00000000b0e5d0c0) thrown at [./open/src/hotspot/share/interpreter/linkResolver.cpp, line 772
Event: 45.943 Thread 0x000001f922b00800 Exception <a 'java/lang/NoSuchMethodError'{0x00000000b0e6b388}: java.lang.invoke.DirectMethodHandle$Holder.invokeStaticInit(Ljava/lang/Object;Ljava/lang/Object;JLjava/lang/Object;)Ljava/lang/Object;> (0x00000000b0e6b388) thrown at [./open/src/hotspot/shar
Event: 45.944 Thread 0x000001f922b00800 Exception <a 'java/lang/NoSuchMethodError'{0x00000000b0e71270}: java.lang.invoke.DirectMethodHandle$Holder.invokeStatic(Ljava/lang/Object;Ljava/lang/Object;J)Ljava/lang/Object;> (0x00000000b0e71270) thrown at [./open/src/hotspot/share/interpreter/linkReso
Event: 45.944 Thread 0x000001f922b00800 Exception <a 'java/lang/NoSuchMethodError'{0x00000000b0e77540}: java.lang.invoke.Invokers$Holder.linkToTargetMethod(Ljava/lang/Object;JLjava/lang/Object;)Ljava/lang/Object;> (0x00000000b0e77540) thrown at [./open/src/hotspot/share/interpreter/linkResolver

Events (10 events):
Event: 59.555 Thread 0x000001f922b07000 DEOPT UNPACKING pc=0x000001f90bdd652f sp=0x000000b6546fec68 mode 2
Event: 59.556 Thread 0x000001f922b07000 Uncommon trap: trap_request=0xffffffc6 fr.pc=0x000001f913e32184 relative=0x0000000000000324
Event: 59.556 Thread 0x000001f922b07000 DEOPT PACKING pc=0x000001f913e32184 sp=0x000000b6546fecb0
Event: 59.556 Thread 0x000001f922b07000 DEOPT UNPACKING pc=0x000001f90bdd652f sp=0x000000b6546fec68 mode 2
Event: 59.607 Thread 0x000001f922b07000 Uncommon trap: trap_request=0xffffffc6 fr.pc=0x000001f913e32184 relative=0x0000000000000324
Event: 59.607 Thread 0x000001f922b07000 DEOPT PACKING pc=0x000001f913e32184 sp=0x000000b6546fecb0
Event: 59.607 Thread 0x000001f922b07000 DEOPT UNPACKING pc=0x000001f90bdd652f sp=0x000000b6546fec68 mode 2
Event: 59.608 Thread 0x000001f922b07000 Uncommon trap: trap_request=0xffffffc6 fr.pc=0x000001f913e32184 relative=0x0000000000000324
Event: 59.608 Thread 0x000001f922b07000 DEOPT PACKING pc=0x000001f913e32184 sp=0x000000b6546fecb0
Event: 59.608 Thread 0x000001f922b07000 DEOPT UNPACKING pc=0x000001f90bdd652f sp=0x000000b6546fec68 mode 2


Dynamic libraries:
0x00007ff7c37f0000 - 0x00007ff7c3800000 	C:\Program Files\Java\jdk-11\bin\java.exe
0x00007ffa41f90000 - 0x00007ffa42188000 	C:\WINDOWS\SYSTEM32\ntdll.dll
0x00007ffa40150000 - 0x00007ffa4020d000 	C:\WINDOWS\System32\KERNEL32.DLL
0x00007ffa3f670000 - 0x00007ffa3f966000 	C:\WINDOWS\System32\KERNELBASE.dll
0x00007ffa3fb40000 - 0x00007ffa3fc40000 	C:\WINDOWS\System32\ucrtbase.dll
0x00007ffa2d420000 - 0x00007ffa2d439000 	C:\Program Files\Java\jdk-11\bin\jli.dll
0x00007ffa406b0000 - 0x00007ffa4075e000 	C:\WINDOWS\System32\ADVAPI32.dll
0x00007ffa41050000 - 0x00007ffa410ee000 	C:\WINDOWS\System32\msvcrt.dll
0x00007ffa3fff0000 - 0x00007ffa4008c000 	C:\WINDOWS\System32\sechost.dll
0x00007ffa40760000 - 0x00007ffa40886000 	C:\WINDOWS\System32\RPCRT4.dll
0x00007ffa41400000 - 0x00007ffa4159e000 	C:\WINDOWS\System32\USER32.dll
0x00007ffa3fdf0000 - 0x00007ffa3fe12000 	C:\WINDOWS\System32\win32u.dll
0x00007ffa411a0000 - 0x00007ffa411cc000 	C:\WINDOWS\System32\GDI32.dll
0x00007ffa3fa20000 - 0x00007ffa3fb3a000 	C:\WINDOWS\System32\gdi32full.dll
0x00007ffa3fc40000 - 0x00007ffa3fcdd000 	C:\WINDOWS\System32\msvcp_win.dll
0x00007ffa2a9a0000 - 0x00007ffa2a9bb000 	C:\Program Files\Java\jdk-11\bin\VCRUNTIME140.dll
0x00007ffa3f1e0000 - 0x00007ffa3f1ea000 	C:\WINDOWS\SYSTEM32\VERSION.dll
0x00007ffa31c30000 - 0x00007ffa31eca000 	C:\WINDOWS\WinSxS\amd64_microsoft.windows.common-controls_6595b64144ccf1df_6.0.19041.1110_none_60b5254171f9507e\COMCTL32.dll
0x00007ffa41680000 - 0x00007ffa416b0000 	C:\WINDOWS\System32\IMM32.DLL
0x0000000055ab0000 - 0x0000000055abc000 	C:\Program Files (x86)\360\Total Security\safemon\SafeWrapper.dll
0x00007ffa18c40000 - 0x00007ffa18cd2000 	C:\Program Files (x86)\360\Total Security\safemon\libzdtp64.dll
0x00007ffa41800000 - 0x00007ffa41f45000 	C:\WINDOWS\System32\SHELL32.dll
0x00007ffa40090000 - 0x00007ffa400e5000 	C:\WINDOWS\System32\SHLWAPI.dll
0x00007ffa30ad0000 - 0x00007ffa30adc000 	C:\Program Files\Java\jdk-11\bin\vcruntime140_1.dll
0x00007ffa12d60000 - 0x00007ffa12dee000 	C:\Program Files\Java\jdk-11\bin\msvcp140.dll
0x00007ff9d4b40000 - 0x00007ff9d56ad000 	C:\Program Files\Java\jdk-11\bin\server\jvm.dll
0x00007ffa41040000 - 0x00007ffa41048000 	C:\WINDOWS\System32\PSAPI.DLL
0x00007ffa398f0000 - 0x00007ffa398f9000 	C:\WINDOWS\SYSTEM32\WSOCK32.dll
0x00007ffa41390000 - 0x00007ffa413fb000 	C:\WINDOWS\System32\WS2_32.dll
0x00007ffa36350000 - 0x00007ffa36377000 	C:\WINDOWS\SYSTEM32\WINMM.dll
0x00007ffa3de50000 - 0x00007ffa3de62000 	C:\WINDOWS\SYSTEM32\kernel.appcore.dll
0x00007ffa30550000 - 0x00007ffa30560000 	C:\Program Files\Java\jdk-11\bin\verify.dll
0x00007ffa2ccf0000 - 0x00007ffa2ced4000 	C:\WINDOWS\SYSTEM32\DBGHELP.DLL
0x00007ffa29970000 - 0x00007ffa299a4000 	C:\WINDOWS\SYSTEM32\dbgcore.DLL
0x00007ffa3fd10000 - 0x00007ffa3fd92000 	C:\WINDOWS\System32\bcryptPrimitives.dll
0x00007ffa1c390000 - 0x00007ffa1c3b8000 	C:\Program Files\Java\jdk-11\bin\java.dll
0x00007ffa30520000 - 0x00007ffa3052a000 	C:\Program Files\Java\jdk-11\bin\jimage.dll
0x00007ffa22080000 - 0x00007ffa22097000 	C:\Program Files\Java\jdk-11\bin\zip.dll
0x00007ffa3d040000 - 0x00007ffa3d7db000 	C:\WINDOWS\SYSTEM32\windows.storage.dll
0x00007ffa40230000 - 0x00007ffa40584000 	C:\WINDOWS\System32\combase.dll
0x00007ffa3f040000 - 0x00007ffa3f06e000 	C:\WINDOWS\SYSTEM32\Wldp.dll
0x00007ffa40d00000 - 0x00007ffa40dad000 	C:\WINDOWS\System32\SHCORE.dll
0x00007ffa3f5a0000 - 0x00007ffa3f5c5000 	C:\WINDOWS\SYSTEM32\profapi.dll
0x00007ffa21200000 - 0x00007ffa21219000 	C:\Program Files\Java\jdk-11\bin\net.dll
0x00007ffa351b0000 - 0x00007ffa352ba000 	C:\WINDOWS\SYSTEM32\WINHTTP.dll
0x00007ffa3ed30000 - 0x00007ffa3ed9a000 	C:\WINDOWS\system32\mswsock.dll
0x00007ffa1f520000 - 0x00007ffa1f532000 	C:\Program Files\Java\jdk-11\bin\nio.dll
0x00007ffa2c0a0000 - 0x00007ffa2c0c7000 	C:\Users\MATRIX 9.0 USERS\.gradle\native\e1d6ef7f7dcc3fd88c89a11ec53ec762bb8ba0a96d01ffa2cd45eb1d1d8dd5c5\windows-amd64\native-platform.dll
0x00007ffa115a0000 - 0x00007ffa116e4000 	C:\Users\MATRIX 9.0 USERS\.gradle\native\0d407fdbe67a94daf76414ababcb853783967236a71b16ec16e742cd7a986fd3\windows-amd64\native-platform-file-events.dll
0x00007ffa39990000 - 0x00007ffa39999000 	C:\Program Files\Java\jdk-11\bin\management.dll
0x00007ffa393b0000 - 0x00007ffa393bb000 	C:\Program Files\Java\jdk-11\bin\management_ext.dll
0x00007ffa3ef20000 - 0x00007ffa3ef38000 	C:\WINDOWS\SYSTEM32\CRYPTSP.dll
0x00007ffa3e5e0000 - 0x00007ffa3e614000 	C:\WINDOWS\system32\rsaenh.dll
0x00007ffa3fce0000 - 0x00007ffa3fd07000 	C:\WINDOWS\System32\bcrypt.dll
0x00007ffa3f560000 - 0x00007ffa3f58e000 	C:\WINDOWS\SYSTEM32\USERENV.dll
0x00007ffa3ef40000 - 0x00007ffa3ef4c000 	C:\WINDOWS\SYSTEM32\CRYPTBASE.dll
0x00007ffa3ea20000 - 0x00007ffa3ea5b000 	C:\WINDOWS\SYSTEM32\IPHLPAPI.DLL
0x00007ffa41710000 - 0x00007ffa41718000 	C:\WINDOWS\System32\NSI.dll
0x00007ffa355f0000 - 0x00007ffa35607000 	C:\WINDOWS\SYSTEM32\dhcpcsvc6.DLL
0x00007ffa35730000 - 0x00007ffa3574d000 	C:\WINDOWS\SYSTEM32\dhcpcsvc.DLL
0x00007ffa3ea60000 - 0x00007ffa3eb2a000 	C:\WINDOWS\SYSTEM32\DNSAPI.dll

dbghelp: loaded successfully - version: 4.0.5 - missing functions: none
symbol engine: initialized successfully - sym options: 0x614 - pdb path: .;C:\Program Files\Java\jdk-11\bin;C:\WINDOWS\SYSTEM32;C:\WINDOWS\WinSxS\amd64_microsoft.windows.common-controls_6595b64144ccf1df_6.0.19041.1110_none_60b5254171f9507e;C:\Program Files (x86)\360\Total Security\safemon;C:\Program Files\Java\jdk-11\bin\server;C:\Users\MATRIX 9.0 USERS\.gradle\native\e1d6ef7f7dcc3fd88c89a11ec53ec762bb8ba0a96d01ffa2cd45eb1d1d8dd5c5\windows-amd64;C:\Users\MATRIX 9.0 USERS\.gradle\native\0d407fdbe67a94daf76414ababcb853783967236a71b16ec16e742cd7a986fd3\windows-amd64

VM Arguments:
jvm_args: --add-opens=java.base/java.util=ALL-UNNAMED --add-opens=java.base/java.lang=ALL-UNNAMED --add-opens=java.base/java.lang.invoke=ALL-UNNAMED --add-opens=java.base/java.util=ALL-UNNAMED --add-opens=java.prefs/java.util.prefs=ALL-UNNAMED --add-opens=java.prefs/java.util.prefs=ALL-UNNAMED --add-opens=java.base/java.nio.charset=ALL-UNNAMED --add-opens=java.base/java.net=ALL-UNNAMED --add-opens=java.base/java.util.concurrent.atomic=ALL-UNNAMED -Xmx1536M -Dfile.encoding=windows-1252 -Duser.country=US -Duser.language=en -Duser.variant 
java_command: org.gradle.launcher.daemon.bootstrap.GradleDaemon 7.4
java_class_path (initial): C:\Users\MATRIX 9.0 USERS\.gradle\wrapper\dists\gradle-7.4-all\aadb4xli5jkdsnukm30eibyiu\gradle-7.4\lib\gradle-launcher-7.4.jar
Launcher Type: SUN_STANDARD

[Global flags]
     intx CICompilerCount                          = 3                                         {product} {ergonomic}
     uint ConcGCThreads                            = 1                                         {product} {ergonomic}
     uint G1ConcRefinementThreads                  = 4                                         {product} {ergonomic}
   size_t G1HeapRegionSize                         = 1048576                                   {product} {ergonomic}
    uintx GCDrainStackTargetSize                   = 64                                        {product} {ergonomic}
   size_t InitialHeapSize                          = 134217728                                 {product} {ergonomic}
   size_t MarkStackSize                            = 4194304                                   {product} {ergonomic}
   size_t MaxHeapSize                              = 1610612736                                {product} {command line}
   size_t MaxNewSize                               = 965738496                                 {product} {ergonomic}
   size_t MinHeapDeltaBytes                        = 1048576                                   {product} {ergonomic}
    uintx NonNMethodCodeHeapSize                   = 5830732                                {pd product} {ergonomic}
    uintx NonProfiledCodeHeapSize                  = 122913754                              {pd product} {ergonomic}
    uintx ProfiledCodeHeapSize                     = 122913754                              {pd product} {ergonomic}
    uintx ReservedCodeCacheSize                    = 251658240                              {pd product} {ergonomic}
     bool SegmentedCodeCache                       = true                                      {product} {ergonomic}
     bool UseCompressedClassPointers               = true                                 {lp64_product} {ergonomic}
     bool UseCompressedOops                        = true                                 {lp64_product} {ergonomic}
     bool UseG1GC                                  = true                                      {product} {ergonomic}
     bool UseLargePagesIndividualAllocation        = false                                  {pd product} {ergonomic}

Logging:
Log output configuration:
 #0: stdout all=warning uptime,level,tags
 #1: stderr all=off uptime,level,tags

Environment Variables:
CLASSPATH=C:\develop\qurankhwani\android\\gradle\wrapper\gradle-wrapper.jar
PATH=C:\Program Files\Common Files\Oracle\Java\javapath;C:\Program Files (x86)\Common Files\Intel\Shared Libraries\redist\intel64_win\compiler;C:\Program Files (x86)\Intel\iCLS Client\;C:\Program Files\Intel\iCLS Client\;C:\Windows\system32;C:\Windows;C:\Windows\System32\Wbem;C:\Windows\System32\WindowsPowerShell\v1.0\;C:\Windows\System32\OpenSSH\;C:\Program Files\Intel\Intel(R) Management Engine Components\DAL;C:\Program Files\Intel\Intel(R) Management Engine Components\IPT;C:\Program Files (x86)\Intel\Intel(R) Management Engine Components\DAL;C:\Program Files (x86)\Intel\Intel(R) Management Engine Components\IPT;C:\WINDOWS\system32;C:\WINDOWS;C:\WINDOWS\System32\Wbem;C:\WINDOWS\System32\WindowsPowerShell\v1.0\;C:\WINDOWS\System32\OpenSSH\;C:\Program Files (x86)\NVIDIA Corporation\PhysX\Common;C:\Program Files\NVIDIA Corporation\NVIDIA NvDLISR;C:\Program Files (x86)\ATI Technologies\ATI.ACE\Core-Static;C:\Program Files\Git\cmd;C:\Users\MATRIX 9.0 USERS\AppData\Local\Microsoft\WindowsApps;C:\Users\MATRIX 9.0 USERS\AppData\Local\Programs\Microsoft VS Code\bin;C:\flutter\bin;;E:\My backup data\flutter\bin\mingit\cmd
USERNAME=MATRIX 9.0 USERS
OS=Windows_NT
PROCESSOR_IDENTIFIER=Intel64 Family 6 Model 58 Stepping 9, GenuineIntel



---------------  S Y S T E M  ---------------

OS: Windows 10 , 64 bit Build 19041 (10.0.19041.3393)

CPU:total 4 (initial active 4) (2 cores per cpu, 2 threads per core) family 6 model 58 stepping 9 microcode 0x21, cmov, cx8, fxsr, mmx, sse, sse2, sse3, ssse3, sse4.1, sse4.2, popcnt, avx, aes, clmul, erms, ht, tsc, tscinvbit, tscinv

Memory: 4k page, system-wide physical 8124M (336M free)
TotalPageFile size 10540M (AvailPageFile size 0M)
current process WorkingSet (physical memory assigned to process): 509M, peak: 556M
current process commit charge ("private bytes"): 598M, peak: 623M

vm_info: Java HotSpot(TM) 64-Bit Server VM (11.0.20+9-LTS-256) for windows-amd64 JRE (11.0.20+9-LTS-256), built on Jun 14 2023 10:34:22 by "mach5one" with MS VC++ 17.1 (VS2022)

END.
