#
# There is insufficient memory for the Java Runtime Environment to continue.
# Native memory allocation (malloc) failed to allocate 32744 bytes for ChunkPool::allocate
# Possible reasons:
#   The system is out of physical RAM or swap space
#   The process is running with CompressedOops enabled, and the Java Heap may be blocking the growth of the native heap
# Possible solutions:
#   Reduce memory load on the system
#   Increase physical memory or swap space
#   Check if swap backing store is full
#   Decrease Java heap size (-Xmx/-Xms)
#   Decrease number of Java threads
#   Decrease Java thread stack sizes (-Xss)
#   Set larger code cache with -XX:ReservedCodeCacheSize=
#   JVM is running with Unscaled Compressed Oops mode in which the Java heap is
#     placed in the first 4GB address space. The Java Heap base address is the
#     maximum limit for the native heap growth. Please use -XX:HeapBaseMinAddress
#     to set the Java Heap base and to place the Java Heap above 4GB virtual address.
# This output file may be truncated or incomplete.
#
#  Out of Memory Error (./open/src/hotspot/share/memory/arena.cpp:81), pid=20284, tid=14812
#
# JRE version: Java(TM) SE Runtime Environment 18.9 (11.0.20+9) (build 11.0.20+9-LTS-256)
# Java VM: Java HotSpot(TM) 64-Bit Server VM 18.9 (11.0.20+9-LTS-256, mixed mode, tiered, compressed oops, g1 gc, windows-amd64)
# No core dump will be written. Minidumps are not enabled by default on client versions of Windows
#

---------------  S U M M A R Y ------------

Command Line: -Dorg.gradle.appname=gradlew org.gradle.wrapper.GradleWrapperMain -q -Ptarget-platform=android-arm64 -Ptarget=C:\\develop\\qurankhwani\\lib\\main.dart -Pbase-application-name=android.app.Application -Pdart-defines=RkxVVFRFUl9XRUJfQVVUT19ERVRFQ1Q9dHJ1ZQ== -Pdart-obfuscation=false -Ptrack-widget-creation=true -Ptree-shake-icons=false -Pfilesystem-scheme=org-dartlang-root assembleDebug

Host: Intel(R) Core(TM) i7-3520M CPU @ 2.90GHz, 4 cores, 7G,  Windows 10 , 64 bit Build 19041 (10.0.19041.3393)
Time: Fri Oct 27 00:12:54 2023 Pakistan Standard Time elapsed time: 21.999753 seconds (0d 0h 0m 21s)

---------------  T H R E A D  ---------------

Current thread (0x000001df1588e000):  JavaThread "C1 CompilerThread0" daemon [_thread_in_native, id=14812, stack(0x0000008c08d00000,0x0000008c08e00000)]


Current CompileTask:
C1:  21999 1311       3       java.lang.reflect.AccessibleObject::checkCanSetAccessible (386 bytes)

Stack: [0x0000008c08d00000,0x0000008c08e00000]
Native frames: (J=compiled Java code, j=interpreted, Vv=VM code, C=native code)
V  [jvm.dll+0x6602ba]
V  [jvm.dll+0x7a32af]
V  [jvm.dll+0x7a4979]
V  [jvm.dll+0x7a5013]
V  [jvm.dll+0x258ef5]
V  [jvm.dll+0xb2c7f]
V  [jvm.dll+0xb2fcc]
V  [jvm.dll+0x176904]
V  [jvm.dll+0x172d37]
V  [jvm.dll+0x12abf5]
V  [jvm.dll+0x12a4cf]
V  [jvm.dll+0x12a702]
V  [jvm.dll+0x129a59]
V  [jvm.dll+0x12b8a8]
V  [jvm.dll+0x220e59]
V  [jvm.dll+0x21f17c]
V  [jvm.dll+0x767061]
V  [jvm.dll+0x75f8e4]
V  [jvm.dll+0x65f165]
C  [ucrtbase.dll+0x21bb2]
C  [KERNEL32.DLL+0x17344]
C  [ntdll.dll+0x526b1]


---------------  P R O C E S S  ---------------

Threads class SMR info:
_java_thread_list=0x000001df168abbe0, length=13, elements={
0x000001df777e0000, 0x000001df7ffbb800, 0x000001df7ffbd800, 0x000001df7ffd2000,
0x000001df7ffd5000, 0x000001df7ffd6000, 0x000001df15880800, 0x000001df1588e000,
0x000001df7ffda000, 0x000001df15a31000, 0x000001df1630d000, 0x000001df15e17000,
0x000001df167ec000
}

Java Threads: ( => current thread )
  0x000001df777e0000 JavaThread "main" [_thread_in_native, id=18312, stack(0x0000008c08000000,0x0000008c08100000)]
  0x000001df7ffbb800 JavaThread "Reference Handler" daemon [_thread_blocked, id=5280, stack(0x0000008c08700000,0x0000008c08800000)]
  0x000001df7ffbd800 JavaThread "Finalizer" daemon [_thread_blocked, id=16028, stack(0x0000008c08800000,0x0000008c08900000)]
  0x000001df7ffd2000 JavaThread "Signal Dispatcher" daemon [_thread_blocked, id=1400, stack(0x0000008c08900000,0x0000008c08a00000)]
  0x000001df7ffd5000 JavaThread "Attach Listener" daemon [_thread_blocked, id=18392, stack(0x0000008c08a00000,0x0000008c08b00000)]
  0x000001df7ffd6000 JavaThread "Service Thread" daemon [_thread_blocked, id=18148, stack(0x0000008c08b00000,0x0000008c08c00000)]
  0x000001df15880800 JavaThread "C2 CompilerThread0" daemon [_thread_blocked, id=19500, stack(0x0000008c08c00000,0x0000008c08d00000)]
=>0x000001df1588e000 JavaThread "C1 CompilerThread0" daemon [_thread_in_native, id=14812, stack(0x0000008c08d00000,0x0000008c08e00000)]
  0x000001df7ffda000 JavaThread "Sweeper thread" daemon [_thread_blocked, id=20140, stack(0x0000008c08e00000,0x0000008c08f00000)]
  0x000001df15a31000 JavaThread "Common-Cleaner" daemon [_thread_blocked, id=10892, stack(0x0000008c09000000,0x0000008c09100000)]
  0x000001df1630d000 JavaThread "pool-1-thread-1" [_thread_blocked, id=13904, stack(0x0000008c09400000,0x0000008c09500000)]
  0x000001df15e17000 JavaThread "DisconnectableInputStream source reader" daemon [_thread_in_native, id=20404, stack(0x0000008c09500000,0x0000008c09600000)]
  0x000001df167ec000 JavaThread "Forward input" [_thread_blocked, id=3920, stack(0x0000008c09600000,0x0000008c09700000)]

Other Threads:
  0x000001df7ff93800 VMThread "VM Thread" [stack: 0x0000008c08600000,0x0000008c08700000] [id=15916]
  0x000001df15a30000 WatcherThread [stack: 0x0000008c08f00000,0x0000008c09000000] [id=8996]
  0x000001df777f6000 GCTaskThread "GC Thread#0" [stack: 0x0000008c08100000,0x0000008c08200000] [id=19688]
  0x000001df15d9e800 GCTaskThread "GC Thread#1" [stack: 0x0000008c09100000,0x0000008c09200000] [id=4032]
  0x000001df15e7a000 GCTaskThread "GC Thread#2" [stack: 0x0000008c09200000,0x0000008c09300000] [id=20096]
  0x000001df77827800 ConcurrentGCThread "G1 Main Marker" [stack: 0x0000008c08200000,0x0000008c08300000] [id=2564]
  0x000001df77829800 ConcurrentGCThread "G1 Conc#0" [stack: 0x0000008c08300000,0x0000008c08400000] [id=13168]
  0x000001df7fe00800 ConcurrentGCThread "G1 Refine#0" [stack: 0x0000008c08400000,0x0000008c08500000] [id=11024]
  0x000001df7789b800 ConcurrentGCThread "G1 Young RemSet Sampling" [stack: 0x0000008c08500000,0x0000008c08600000] [id=10988]

Threads with active compile tasks:
C1 CompilerThread0    22121 1311       3       java.lang.reflect.AccessibleObject::checkCanSetAccessible (386 bytes)

VM state:not at safepoint (normal execution)

VM Mutex/Monitor currently owned by a thread: None

Heap address: 0x0000000081000000, size: 2032 MB, Compressed Oops mode: 32-bit
Narrow klass base: 0x0000000000000000, Narrow klass shift: 3
Compressed class space size: 1073741824 Address: 0x0000000100000000

Heap:
 garbage-first heap   total 131072K, used 27264K [0x0000000081000000, 0x0000000100000000)
  region size 1024K, 20 young (20480K), 2 survivors (2048K)
 Metaspace       used 15248K, capacity 15561K, committed 15744K, reserved 1062912K
  class space    used 1756K, capacity 1874K, committed 1920K, reserved 1048576K
Heap Regions: E=young(eden), S=young(survivor), O=old, HS=humongous(starts), HC=humongous(continues), CS=collection set, F=free, A=archive, TAMS=top-at-mark-start (previous, next)
|   0|0x0000000081000000, 0x0000000081100000, 0x0000000081100000|100%|HS|  |TAMS 0x0000000081000000, 0x0000000081000000| Complete 
|   1|0x0000000081100000, 0x0000000081200000, 0x0000000081200000|100%|HC|  |TAMS 0x0000000081100000, 0x0000000081100000| Complete 
|   2|0x0000000081200000, 0x0000000081300000, 0x0000000081300000|100%|HC|  |TAMS 0x0000000081200000, 0x0000000081200000| Complete 
|   3|0x0000000081300000, 0x0000000081400000, 0x0000000081400000|100%| O|  |TAMS 0x0000000081300000, 0x0000000081300000| Untracked 
|   4|0x0000000081400000, 0x0000000081500000, 0x0000000081500000|100%| O|  |TAMS 0x0000000081400000, 0x0000000081400000| Untracked 
|   5|0x0000000081500000, 0x0000000081600000, 0x0000000081600000|100%| O|  |TAMS 0x0000000081500000, 0x0000000081500000| Untracked 
|   6|0x0000000081600000, 0x0000000081700000, 0x0000000081700000|100%| O|  |TAMS 0x0000000081600000, 0x0000000081600000| Untracked 
|   7|0x0000000081700000, 0x00000000817a0000, 0x0000000081800000| 62%| O|  |TAMS 0x0000000081700000, 0x0000000081700000| Untracked 
|   8|0x0000000081800000, 0x0000000081800000, 0x0000000081900000|  0%| F|  |TAMS 0x0000000081800000, 0x0000000081800000| Untracked 
|   9|0x0000000081900000, 0x0000000081900000, 0x0000000081a00000|  0%| F|  |TAMS 0x0000000081900000, 0x0000000081900000| Untracked 
|  10|0x0000000081a00000, 0x0000000081a00000, 0x0000000081b00000|  0%| F|  |TAMS 0x0000000081a00000, 0x0000000081a00000| Untracked 
|  11|0x0000000081b00000, 0x0000000081b00000, 0x0000000081c00000|  0%| F|  |TAMS 0x0000000081b00000, 0x0000000081b00000| Untracked 
|  12|0x0000000081c00000, 0x0000000081c00000, 0x0000000081d00000|  0%| F|  |TAMS 0x0000000081c00000, 0x0000000081c00000| Untracked 
|  13|0x0000000081d00000, 0x0000000081d00000, 0x0000000081e00000|  0%| F|  |TAMS 0x0000000081d00000, 0x0000000081d00000| Untracked 
|  14|0x0000000081e00000, 0x0000000081e00000, 0x0000000081f00000|  0%| F|  |TAMS 0x0000000081e00000, 0x0000000081e00000| Untracked 
|  15|0x0000000081f00000, 0x0000000081f00000, 0x0000000082000000|  0%| F|  |TAMS 0x0000000081f00000, 0x0000000081f00000| Untracked 
|  16|0x0000000082000000, 0x0000000082000000, 0x0000000082100000|  0%| F|  |TAMS 0x0000000082000000, 0x0000000082000000| Untracked 
|  17|0x0000000082100000, 0x0000000082100000, 0x0000000082200000|  0%| F|  |TAMS 0x0000000082100000, 0x0000000082100000| Untracked 
|  18|0x0000000082200000, 0x0000000082200000, 0x0000000082300000|  0%| F|  |TAMS 0x0000000082200000, 0x0000000082200000| Untracked 
|  19|0x0000000082300000, 0x0000000082300000, 0x0000000082400000|  0%| F|  |TAMS 0x0000000082300000, 0x0000000082300000| Untracked 
|  20|0x0000000082400000, 0x0000000082400000, 0x0000000082500000|  0%| F|  |TAMS 0x0000000082400000, 0x0000000082400000| Untracked 
|  21|0x0000000082500000, 0x0000000082500000, 0x0000000082600000|  0%| F|  |TAMS 0x0000000082500000, 0x0000000082500000| Untracked 
|  22|0x0000000082600000, 0x0000000082600000, 0x0000000082700000|  0%| F|  |TAMS 0x0000000082600000, 0x0000000082600000| Untracked 
|  23|0x0000000082700000, 0x0000000082700000, 0x0000000082800000|  0%| F|  |TAMS 0x0000000082700000, 0x0000000082700000| Untracked 
|  24|0x0000000082800000, 0x0000000082800000, 0x0000000082900000|  0%| F|  |TAMS 0x0000000082800000, 0x0000000082800000| Untracked 
|  25|0x0000000082900000, 0x0000000082900000, 0x0000000082a00000|  0%| F|  |TAMS 0x0000000082900000, 0x0000000082900000| Untracked 
|  26|0x0000000082a00000, 0x0000000082a00000, 0x0000000082b00000|  0%| F|  |TAMS 0x0000000082a00000, 0x0000000082a00000| Untracked 
|  27|0x0000000082b00000, 0x0000000082b00000, 0x0000000082c00000|  0%| F|  |TAMS 0x0000000082b00000, 0x0000000082b00000| Untracked 
|  28|0x0000000082c00000, 0x0000000082c00000, 0x0000000082d00000|  0%| F|  |TAMS 0x0000000082c00000, 0x0000000082c00000| Untracked 
|  29|0x0000000082d00000, 0x0000000082d00000, 0x0000000082e00000|  0%| F|  |TAMS 0x0000000082d00000, 0x0000000082d00000| Untracked 
|  30|0x0000000082e00000, 0x0000000082e00000, 0x0000000082f00000|  0%| F|  |TAMS 0x0000000082e00000, 0x0000000082e00000| Untracked 
|  31|0x0000000082f00000, 0x0000000082f00000, 0x0000000083000000|  0%| F|  |TAMS 0x0000000082f00000, 0x0000000082f00000| Untracked 
|  32|0x0000000083000000, 0x0000000083000000, 0x0000000083100000|  0%| F|  |TAMS 0x0000000083000000, 0x0000000083000000| Untracked 
|  33|0x0000000083100000, 0x0000000083100000, 0x0000000083200000|  0%| F|  |TAMS 0x0000000083100000, 0x0000000083100000| Untracked 
|  34|0x0000000083200000, 0x0000000083200000, 0x0000000083300000|  0%| F|  |TAMS 0x0000000083200000, 0x0000000083200000| Untracked 
|  35|0x0000000083300000, 0x0000000083300000, 0x0000000083400000|  0%| F|  |TAMS 0x0000000083300000, 0x0000000083300000| Untracked 
|  36|0x0000000083400000, 0x0000000083400000, 0x0000000083500000|  0%| F|  |TAMS 0x0000000083400000, 0x0000000083400000| Untracked 
|  37|0x0000000083500000, 0x0000000083500000, 0x0000000083600000|  0%| F|  |TAMS 0x0000000083500000, 0x0000000083500000| Untracked 
|  38|0x0000000083600000, 0x0000000083600000, 0x0000000083700000|  0%| F|  |TAMS 0x0000000083600000, 0x0000000083600000| Untracked 
|  39|0x0000000083700000, 0x0000000083700000, 0x0000000083800000|  0%| F|  |TAMS 0x0000000083700000, 0x0000000083700000| Untracked 
|  40|0x0000000083800000, 0x0000000083800000, 0x0000000083900000|  0%| F|  |TAMS 0x0000000083800000, 0x0000000083800000| Untracked 
|  41|0x0000000083900000, 0x0000000083900000, 0x0000000083a00000|  0%| F|  |TAMS 0x0000000083900000, 0x0000000083900000| Untracked 
|  42|0x0000000083a00000, 0x0000000083a00000, 0x0000000083b00000|  0%| F|  |TAMS 0x0000000083a00000, 0x0000000083a00000| Untracked 
|  43|0x0000000083b00000, 0x0000000083b00000, 0x0000000083c00000|  0%| F|  |TAMS 0x0000000083b00000, 0x0000000083b00000| Untracked 
|  44|0x0000000083c00000, 0x0000000083c00000, 0x0000000083d00000|  0%| F|  |TAMS 0x0000000083c00000, 0x0000000083c00000| Untracked 
|  45|0x0000000083d00000, 0x0000000083d00000, 0x0000000083e00000|  0%| F|  |TAMS 0x0000000083d00000, 0x0000000083d00000| Untracked 
|  46|0x0000000083e00000, 0x0000000083e00000, 0x0000000083f00000|  0%| F|  |TAMS 0x0000000083e00000, 0x0000000083e00000| Untracked 
|  47|0x0000000083f00000, 0x0000000083f00000, 0x0000000084000000|  0%| F|  |TAMS 0x0000000083f00000, 0x0000000083f00000| Untracked 
|  48|0x0000000084000000, 0x0000000084000000, 0x0000000084100000|  0%| F|  |TAMS 0x0000000084000000, 0x0000000084000000| Untracked 
|  49|0x0000000084100000, 0x0000000084100000, 0x0000000084200000|  0%| F|  |TAMS 0x0000000084100000, 0x0000000084100000| Untracked 
|  50|0x0000000084200000, 0x0000000084200000, 0x0000000084300000|  0%| F|  |TAMS 0x0000000084200000, 0x0000000084200000| Untracked 
|  51|0x0000000084300000, 0x0000000084300000, 0x0000000084400000|  0%| F|  |TAMS 0x0000000084300000, 0x0000000084300000| Untracked 
|  52|0x0000000084400000, 0x0000000084400000, 0x0000000084500000|  0%| F|  |TAMS 0x0000000084400000, 0x0000000084400000| Untracked 
|  53|0x0000000084500000, 0x0000000084500000, 0x0000000084600000|  0%| F|  |TAMS 0x0000000084500000, 0x0000000084500000| Untracked 
|  54|0x0000000084600000, 0x0000000084600000, 0x0000000084700000|  0%| F|  |TAMS 0x0000000084600000, 0x0000000084600000| Untracked 
|  55|0x0000000084700000, 0x0000000084700000, 0x0000000084800000|  0%| F|  |TAMS 0x0000000084700000, 0x0000000084700000| Untracked 
|  56|0x0000000084800000, 0x0000000084800000, 0x0000000084900000|  0%| F|  |TAMS 0x0000000084800000, 0x0000000084800000| Untracked 
|  57|0x0000000084900000, 0x0000000084900000, 0x0000000084a00000|  0%| F|  |TAMS 0x0000000084900000, 0x0000000084900000| Untracked 
|  58|0x0000000084a00000, 0x0000000084a00000, 0x0000000084b00000|  0%| F|  |TAMS 0x0000000084a00000, 0x0000000084a00000| Untracked 
|  59|0x0000000084b00000, 0x0000000084b00000, 0x0000000084c00000|  0%| F|  |TAMS 0x0000000084b00000, 0x0000000084b00000| Untracked 
|  60|0x0000000084c00000, 0x0000000084c00000, 0x0000000084d00000|  0%| F|  |TAMS 0x0000000084c00000, 0x0000000084c00000| Untracked 
|  61|0x0000000084d00000, 0x0000000084d00000, 0x0000000084e00000|  0%| F|  |TAMS 0x0000000084d00000, 0x0000000084d00000| Untracked 
|  62|0x0000000084e00000, 0x0000000084e00000, 0x0000000084f00000|  0%| F|  |TAMS 0x0000000084e00000, 0x0000000084e00000| Untracked 
|  63|0x0000000084f00000, 0x0000000084f00000, 0x0000000085000000|  0%| F|  |TAMS 0x0000000084f00000, 0x0000000084f00000| Untracked 
|  64|0x0000000085000000, 0x0000000085000000, 0x0000000085100000|  0%| F|  |TAMS 0x0000000085000000, 0x0000000085000000| Untracked 
|  65|0x0000000085100000, 0x0000000085100000, 0x0000000085200000|  0%| F|  |TAMS 0x0000000085100000, 0x0000000085100000| Untracked 
|  66|0x0000000085200000, 0x0000000085200000, 0x0000000085300000|  0%| F|  |TAMS 0x0000000085200000, 0x0000000085200000| Untracked 
|  67|0x0000000085300000, 0x0000000085300000, 0x0000000085400000|  0%| F|  |TAMS 0x0000000085300000, 0x0000000085300000| Untracked 
|  68|0x0000000085400000, 0x0000000085400000, 0x0000000085500000|  0%| F|  |TAMS 0x0000000085400000, 0x0000000085400000| Untracked 
|  69|0x0000000085500000, 0x0000000085500000, 0x0000000085600000|  0%| F|  |TAMS 0x0000000085500000, 0x0000000085500000| Untracked 
|  70|0x0000000085600000, 0x0000000085600000, 0x0000000085700000|  0%| F|  |TAMS 0x0000000085600000, 0x0000000085600000| Untracked 
|  71|0x0000000085700000, 0x0000000085700000, 0x0000000085800000|  0%| F|  |TAMS 0x0000000085700000, 0x0000000085700000| Untracked 
|  72|0x0000000085800000, 0x0000000085800000, 0x0000000085900000|  0%| F|  |TAMS 0x0000000085800000, 0x0000000085800000| Untracked 
|  73|0x0000000085900000, 0x0000000085900000, 0x0000000085a00000|  0%| F|  |TAMS 0x0000000085900000, 0x0000000085900000| Untracked 
|  74|0x0000000085a00000, 0x0000000085a00000, 0x0000000085b00000|  0%| F|  |TAMS 0x0000000085a00000, 0x0000000085a00000| Untracked 
|  75|0x0000000085b00000, 0x0000000085b00000, 0x0000000085c00000|  0%| F|  |TAMS 0x0000000085b00000, 0x0000000085b00000| Untracked 
|  76|0x0000000085c00000, 0x0000000085c00000, 0x0000000085d00000|  0%| F|  |TAMS 0x0000000085c00000, 0x0000000085c00000| Untracked 
|  77|0x0000000085d00000, 0x0000000085d00000, 0x0000000085e00000|  0%| F|  |TAMS 0x0000000085d00000, 0x0000000085d00000| Untracked 
|  78|0x0000000085e00000, 0x0000000085e00000, 0x0000000085f00000|  0%| F|  |TAMS 0x0000000085e00000, 0x0000000085e00000| Untracked 
|  79|0x0000000085f00000, 0x0000000085f00000, 0x0000000086000000|  0%| F|  |TAMS 0x0000000085f00000, 0x0000000085f00000| Untracked 
|  80|0x0000000086000000, 0x0000000086000000, 0x0000000086100000|  0%| F|  |TAMS 0x0000000086000000, 0x0000000086000000| Untracked 
|  81|0x0000000086100000, 0x0000000086100000, 0x0000000086200000|  0%| F|  |TAMS 0x0000000086100000, 0x0000000086100000| Untracked 
|  82|0x0000000086200000, 0x0000000086200000, 0x0000000086300000|  0%| F|  |TAMS 0x0000000086200000, 0x0000000086200000| Untracked 
|  83|0x0000000086300000, 0x0000000086300000, 0x0000000086400000|  0%| F|  |TAMS 0x0000000086300000, 0x0000000086300000| Untracked 
|  84|0x0000000086400000, 0x0000000086400000, 0x0000000086500000|  0%| F|  |TAMS 0x0000000086400000, 0x0000000086400000| Untracked 
|  85|0x0000000086500000, 0x0000000086500000, 0x0000000086600000|  0%| F|  |TAMS 0x0000000086500000, 0x0000000086500000| Untracked 
|  86|0x0000000086600000, 0x0000000086600000, 0x0000000086700000|  0%| F|  |TAMS 0x0000000086600000, 0x0000000086600000| Untracked 
|  87|0x0000000086700000, 0x0000000086700000, 0x0000000086800000|  0%| F|  |TAMS 0x0000000086700000, 0x0000000086700000| Untracked 
|  88|0x0000000086800000, 0x0000000086800000, 0x0000000086900000|  0%| F|  |TAMS 0x0000000086800000, 0x0000000086800000| Untracked 
|  89|0x0000000086900000, 0x0000000086900000, 0x0000000086a00000|  0%| F|  |TAMS 0x0000000086900000, 0x0000000086900000| Untracked 
|  90|0x0000000086a00000, 0x0000000086a00000, 0x0000000086b00000|  0%| F|  |TAMS 0x0000000086a00000, 0x0000000086a00000| Untracked 
|  91|0x0000000086b00000, 0x0000000086b00000, 0x0000000086c00000|  0%| F|  |TAMS 0x0000000086b00000, 0x0000000086b00000| Untracked 
|  92|0x0000000086c00000, 0x0000000086c00000, 0x0000000086d00000|  0%| F|  |TAMS 0x0000000086c00000, 0x0000000086c00000| Untracked 
|  93|0x0000000086d00000, 0x0000000086d00000, 0x0000000086e00000|  0%| F|  |TAMS 0x0000000086d00000, 0x0000000086d00000| Untracked 
|  94|0x0000000086e00000, 0x0000000086e00000, 0x0000000086f00000|  0%| F|  |TAMS 0x0000000086e00000, 0x0000000086e00000| Untracked 
|  95|0x0000000086f00000, 0x0000000086f00000, 0x0000000087000000|  0%| F|  |TAMS 0x0000000086f00000, 0x0000000086f00000| Untracked 
|  96|0x0000000087000000, 0x0000000087000000, 0x0000000087100000|  0%| F|  |TAMS 0x0000000087000000, 0x0000000087000000| Untracked 
|  97|0x0000000087100000, 0x0000000087100000, 0x0000000087200000|  0%| F|  |TAMS 0x0000000087100000, 0x0000000087100000| Untracked 
|  98|0x0000000087200000, 0x0000000087200000, 0x0000000087300000|  0%| F|  |TAMS 0x0000000087200000, 0x0000000087200000| Untracked 
|  99|0x0000000087300000, 0x0000000087300000, 0x0000000087400000|  0%| F|  |TAMS 0x0000000087300000, 0x0000000087300000| Untracked 
| 100|0x0000000087400000, 0x0000000087400000, 0x0000000087500000|  0%| F|  |TAMS 0x0000000087400000, 0x0000000087400000| Untracked 
| 101|0x0000000087500000, 0x0000000087500000, 0x0000000087600000|  0%| F|  |TAMS 0x0000000087500000, 0x0000000087500000| Untracked 
| 102|0x0000000087600000, 0x0000000087600000, 0x0000000087700000|  0%| F|  |TAMS 0x0000000087600000, 0x0000000087600000| Untracked 
| 103|0x0000000087700000, 0x0000000087700000, 0x0000000087800000|  0%| F|  |TAMS 0x0000000087700000, 0x0000000087700000| Untracked 
| 104|0x0000000087800000, 0x0000000087800000, 0x0000000087900000|  0%| F|  |TAMS 0x0000000087800000, 0x0000000087800000| Untracked 
| 105|0x0000000087900000, 0x0000000087900000, 0x0000000087a00000|  0%| F|  |TAMS 0x0000000087900000, 0x0000000087900000| Untracked 
| 106|0x0000000087a00000, 0x0000000087a00000, 0x0000000087b00000|  0%| F|  |TAMS 0x0000000087a00000, 0x0000000087a00000| Untracked 
| 107|0x0000000087b00000, 0x0000000087b00000, 0x0000000087c00000|  0%| F|  |TAMS 0x0000000087b00000, 0x0000000087b00000| Untracked 
| 108|0x0000000087c00000, 0x0000000087c946d8, 0x0000000087d00000| 57%| E|  |TAMS 0x0000000087c00000, 0x0000000087c00000| Complete 
| 109|0x0000000087d00000, 0x0000000087e00000, 0x0000000087e00000|100%| E|CS|TAMS 0x0000000087d00000, 0x0000000087d00000| Complete 
| 110|0x0000000087e00000, 0x0000000087f00000, 0x0000000087f00000|100%| E|CS|TAMS 0x0000000087e00000, 0x0000000087e00000| Complete 
| 111|0x0000000087f00000, 0x0000000088000000, 0x0000000088000000|100%| E|CS|TAMS 0x0000000087f00000, 0x0000000087f00000| Complete 
| 112|0x0000000088000000, 0x0000000088100000, 0x0000000088100000|100%| E|CS|TAMS 0x0000000088000000, 0x0000000088000000| Complete 
| 113|0x0000000088100000, 0x0000000088200000, 0x0000000088200000|100%| E|CS|TAMS 0x0000000088100000, 0x0000000088100000| Complete 
| 114|0x0000000088200000, 0x0000000088300000, 0x0000000088300000|100%| E|CS|TAMS 0x0000000088200000, 0x0000000088200000| Complete 
| 115|0x0000000088300000, 0x0000000088400000, 0x0000000088400000|100%| E|CS|TAMS 0x0000000088300000, 0x0000000088300000| Complete 
| 116|0x0000000088400000, 0x0000000088500000, 0x0000000088500000|100%| S|CS|TAMS 0x0000000088400000, 0x0000000088400000| Complete 
| 117|0x0000000088500000, 0x0000000088600000, 0x0000000088600000|100%| S|CS|TAMS 0x0000000088500000, 0x0000000088500000| Complete 
| 118|0x0000000088600000, 0x0000000088700000, 0x0000000088700000|100%| E|CS|TAMS 0x0000000088600000, 0x0000000088600000| Complete 
| 119|0x0000000088700000, 0x0000000088800000, 0x0000000088800000|100%| E|CS|TAMS 0x0000000088700000, 0x0000000088700000| Complete 
| 120|0x0000000088800000, 0x0000000088900000, 0x0000000088900000|100%| E|CS|TAMS 0x0000000088800000, 0x0000000088800000| Complete 
| 121|0x0000000088900000, 0x0000000088a00000, 0x0000000088a00000|100%| E|CS|TAMS 0x0000000088900000, 0x0000000088900000| Complete 
| 122|0x0000000088a00000, 0x0000000088b00000, 0x0000000088b00000|100%| E|CS|TAMS 0x0000000088a00000, 0x0000000088a00000| Complete 
| 123|0x0000000088b00000, 0x0000000088c00000, 0x0000000088c00000|100%| E|CS|TAMS 0x0000000088b00000, 0x0000000088b00000| Complete 
| 124|0x0000000088c00000, 0x0000000088d00000, 0x0000000088d00000|100%| E|CS|TAMS 0x0000000088c00000, 0x0000000088c00000| Complete 
| 125|0x0000000088d00000, 0x0000000088e00000, 0x0000000088e00000|100%| E|CS|TAMS 0x0000000088d00000, 0x0000000088d00000| Complete 
| 126|0x0000000088e00000, 0x0000000088f00000, 0x0000000088f00000|100%| E|CS|TAMS 0x0000000088e00000, 0x0000000088e00000| Complete 
| 127|0x0000000088f00000, 0x0000000089000000, 0x0000000089000000|100%| E|CS|TAMS 0x0000000088f00000, 0x0000000088f00000| Complete 

Card table byte_map: [0x000001df7f2b0000,0x000001df7f6b0000] _byte_map_base: 0x000001df7eea8000

Marking Bits (Prev, Next): (CMBitMap*) 0x000001df7781e9f8, (CMBitMap*) 0x000001df7781ea30
 Prev Bits: [0x000001df0f000000, 0x000001df10fc0000)
 Next Bits: [0x000001df10fc0000, 0x000001df12f80000)

Polling page: 0x000001df75760000

Metaspace:

Usage:
  Non-class:     13.37 MB capacity,    13.18 MB ( 99%) used,   173.46 KB (  1%) free+waste,    21.06 KB ( <1%) overhead. 
      Class:      1.83 MB capacity,     1.72 MB ( 94%) used,   106.84 KB (  6%) free+waste,    10.69 KB ( <1%) overhead. 
       Both:     15.20 MB capacity,    14.89 MB ( 98%) used,   280.30 KB (  2%) free+waste,    31.75 KB ( <1%) overhead. 

Virtual space:
  Non-class space:       14.00 MB reserved,      13.50 MB ( 96%) committed 
      Class space:        1.00 GB reserved,       1.88 MB ( <1%) committed 
             Both:        1.01 GB reserved,      15.38 MB (  1%) committed 

Chunk freelists:
   Non-Class:  1.12 KB
       Class:  1.75 KB
        Both:  2.88 KB

CodeHeap 'non-profiled nmethods': size=120064Kb used=452Kb max_used=452Kb free=119611Kb
 bounds [0x000001df07ac0000, 0x000001df07d30000, 0x000001df0f000000]
CodeHeap 'profiled nmethods': size=120000Kb used=2388Kb max_used=2388Kb free=117611Kb
 bounds [0x000001df00590000, 0x000001df00800000, 0x000001df07ac0000]
CodeHeap 'non-nmethods': size=5696Kb used=1100Kb max_used=1113Kb free=4595Kb
 bounds [0x000001df00000000, 0x000001df00270000, 0x000001df00590000]
 total_blobs=1729 nmethods=1309 adapters=332
 compilation: enabled
              stopped_count=0, restarted_count=0
 full_count=0

Compilation events (10 events):
Event: 21.988 Thread 0x000001df1588e000 nmethod 1305 0x000001df007e1210 code [0x000001df007e14a0, 0x000001df007e2098]
Event: 21.988 Thread 0x000001df1588e000 1306       3       org.gradle.internal.io.BufferCaster::cast (2 bytes)
Event: 21.988 Thread 0x000001df1588e000 nmethod 1306 0x000001df007e2590 code [0x000001df007e2720, 0x000001df007e27f8]
Event: 21.988 Thread 0x000001df1588e000 1307   !   3       sun.nio.ch.SelectorImpl::processDeregisterQueue (181 bytes)
Event: 21.989 Thread 0x000001df1588e000 nmethod 1307 0x000001df007e2890 code [0x000001df007e2b60, 0x000001df007e3e88]
Event: 21.989 Thread 0x000001df1588e000 1309       3       com.esotericsoftware.kryo.io.Input::readString (127 bytes)
Event: 21.990 Thread 0x000001df1588e000 nmethod 1309 0x000001df007e4590 code [0x000001df007e47c0, 0x000001df007e4e88]
Event: 21.990 Thread 0x000001df1588e000 1308       1       org.gradle.internal.logging.events.RenderableOutputEvent::getBuildOperationId (5 bytes)
Event: 21.990 Thread 0x000001df1588e000 nmethod 1308 0x000001df07b30710 code [0x000001df07b308a0, 0x000001df07b30958]
Event: 21.990 Thread 0x000001df1588e000 1311       3       java.lang.reflect.AccessibleObject::checkCanSetAccessible (386 bytes)

GC Heap History (4 events):
Event: 1.208 GC heap before
{Heap before GC invocations=0 (full 0):
 garbage-first heap   total 131072K, used 17408K [0x0000000081000000, 0x0000000100000000)
  region size 1024K, 14 young (14336K), 0 survivors (0K)
 Metaspace       used 8321K, capacity 8551K, committed 8832K, reserved 1056768K
  class space    used 753K, capacity 826K, committed 896K, reserved 1048576K
}
Event: 1.214 GC heap after
{Heap after GC invocations=1 (full 0):
 garbage-first heap   total 131072K, used 3263K [0x0000000081000000, 0x0000000100000000)
  region size 1024K, 2 young (2048K), 2 survivors (2048K)
 Metaspace       used 8321K, capacity 8551K, committed 8832K, reserved 1056768K
  class space    used 753K, capacity 826K, committed 896K, reserved 1048576K
}
Event: 1.714 GC heap before
{Heap before GC invocations=1 (full 0):
 garbage-first heap   total 131072K, used 16575K [0x0000000081000000, 0x0000000100000000)
  region size 1024K, 12 young (12288K), 2 survivors (2048K)
 Metaspace       used 10601K, capacity 10852K, committed 11008K, reserved 1058816K
  class space    used 1085K, capacity 1169K, committed 1280K, reserved 1048576K
}
Event: 1.718 GC heap after
{Heap after GC invocations=2 (full 0):
 garbage-first heap   total 131072K, used 9856K [0x0000000081000000, 0x0000000100000000)
  region size 1024K, 2 young (2048K), 2 survivors (2048K)
 Metaspace       used 10601K, capacity 10852K, committed 11008K, reserved 1058816K
  class space    used 1085K, capacity 1169K, committed 1280K, reserved 1048576K
}

Deoptimization events (10 events):
Event: 1.652 Thread 0x000001df777e0000 Uncommon trap: reason=unstable_if action=reinterpret pc=0x000001df07adf1e8 method=java.util.regex.Matcher.reset()Ljava/util/regex/Matcher; @ 47 c2
Event: 1.652 Thread 0x000001df777e0000 Uncommon trap: reason=class_check action=maybe_recompile pc=0x000001df07ade528 method=java.util.regex.Matcher.match(II)Z @ 121 c2
Event: 1.652 Thread 0x000001df777e0000 Uncommon trap: reason=class_check action=maybe_recompile pc=0x000001df07ade528 method=java.util.regex.Matcher.match(II)Z @ 121 c2
Event: 1.654 Thread 0x000001df777e0000 Uncommon trap: reason=class_check action=maybe_recompile pc=0x000001df07ade528 method=java.util.regex.Matcher.match(II)Z @ 121 c2
Event: 1.654 Thread 0x000001df777e0000 Uncommon trap: reason=class_check action=maybe_recompile pc=0x000001df07ade528 method=java.util.regex.Matcher.match(II)Z @ 121 c2
Event: 1.664 Thread 0x000001df777e0000 Uncommon trap: reason=unstable_if action=reinterpret pc=0x000001df07b013e0 method=java.util.HashMap.hash(Ljava/lang/Object;)I @ 1 c2
Event: 2.117 Thread 0x000001df777e0000 Uncommon trap: reason=unstable_if action=reinterpret pc=0x000001df07b13ed0 method=java.util.HashMap.getNode(ILjava/lang/Object;)Ljava/util/HashMap$Node; @ 129 c2
Event: 2.117 Thread 0x000001df777e0000 Uncommon trap: reason=bimorphic_or_optimized_type_check action=maybe_recompile pc=0x000001df07aff608 method=java.util.HashMap.putVal(ILjava/lang/Object;Ljava/lang/Object;ZZ)Ljava/lang/Object; @ 203 c2
Event: 3.918 Thread 0x000001df777e0000 Uncommon trap: reason=unstable_if action=reinterpret pc=0x000001df07af2fec method=java.lang.AbstractStringBuilder.append(Ljava/lang/String;)Ljava/lang/AbstractStringBuilder; @ 1 c2
Event: 3.919 Thread 0x000001df777e0000 Uncommon trap: reason=unstable_if action=reinterpret pc=0x000001df07b046c0 method=java.lang.AbstractStringBuilder.append(Ljava/lang/String;)Ljava/lang/AbstractStringBuilder; @ 1 c2

Classes redefined (0 events):
No events

Internal exceptions (10 events):
Event: 1.699 Thread 0x000001df777e0000 Exception <a 'java/lang/NoClassDefFoundError'{0x0000000088664ea8}: org/slf4j/impl/StaticMarkerBinder> (0x0000000088664ea8) thrown at [./open/src/hotspot/share/classfile/systemDictionary.cpp, line 215]
Event: 1.728 Thread 0x000001df777e0000 Exception <a 'java/lang/NoSuchMethodError'{0x0000000088f57de0}: java.lang.invoke.DirectMethodHandle$Holder.invokeVirtual(Ljava/lang/Object;Ljava/lang/Object;Ljava/lang/Object;Ljava/lang/Object;Ljava/lang/Object;Ljava/lang/Object;Ljava/lang/Object;)Ljava/l
Event: 1.732 Thread 0x000001df777e0000 Exception <a 'java/lang/NoSuchMethodError'{0x0000000088f6c278}: java.lang.invoke.Invokers$Holder.invoker(Ljava/lang/Object;Ljava/lang/Object;Ljava/lang/Object;)Ljava/lang/Object;> (0x0000000088f6c278) thrown at [./open/src/hotspot/share/interpreter/linkRe
Event: 1.737 Thread 0x000001df777e0000 Exception <a 'java/lang/NoSuchMethodError'{0x0000000088f7cd40}: java.lang.invoke.DelegatingMethodHandle$Holder.delegate(Ljava/lang/Object;Ljava/lang/Object;ILjava/lang/Object;)V> (0x0000000088f7cd40) thrown at [./open/src/hotspot/share/interpreter/linkRes
Event: 1.915 Thread 0x000001df777e0000 Exception <a 'java/lang/NoSuchMethodError'{0x0000000088973680}: java.lang.invoke.DirectMethodHandle$Holder.invokeInterface(Ljava/lang/Object;Ljava/lang/Object;Ljava/lang/Object;)Ljava/lang/Object;> (0x0000000088973680) thrown at [./open/src/hotspot/share/
Event: 1.998 Thread 0x000001df777e0000 Exception <a 'java/lang/NoSuchMethodError'{0x0000000088606b50}: java.lang.invoke.DirectMethodHandle$Holder.invokeStaticInit(Ljava/lang/Object;Ljava/lang/Object;Ljava/lang/Object;)Ljava/lang/Object;> (0x0000000088606b50) thrown at [./open/src/hotspot/share
Event: 2.146 Thread 0x000001df777e0000 Exception <a 'java/lang/NoSuchMethodError'{0x00000000880d7148}: java.lang.invoke.DirectMethodHandle$Holder.invokeStaticInit(Ljava/lang/Object;IIII)Ljava/lang/Object;> (0x00000000880d7148) thrown at [./open/src/hotspot/share/interpreter/linkResolver.cpp, l
Event: 2.881 Thread 0x000001df777e0000 Exception <a 'java/lang/NoSuchMethodError'{0x0000000087fa68e0}: java.lang.invoke.DirectMethodHandle$Holder.invokeStaticInit(Ljava/lang/Object;Ljava/lang/Object;IIII)Ljava/lang/Object;> (0x0000000087fa68e0) thrown at [./open/src/hotspot/share/interpreter/l
Event: 3.918 Thread 0x000001df777e0000 Implicit null exception at 0x000001df07af2af4 to 0x000001df07af2fd8
Event: 3.919 Thread 0x000001df777e0000 Implicit null exception at 0x000001df07b041f4 to 0x000001df07b046ac

Events (10 events):
Event: 5.023 loading class jdk/internal/reflect/ClassDefiner$1
Event: 5.023 loading class jdk/internal/reflect/ClassDefiner$1 done
Event: 21.936 loading class com/google/common/collect/CollectPreconditions
Event: 21.936 loading class com/google/common/collect/CollectPreconditions done
Event: 21.937 loading class org/gradle/internal/logging/events/StyledTextOutputEvent$Span
Event: 21.937 loading class org/gradle/internal/logging/events/StyledTextOutputEvent$Span done
Event: 21.937 loading class org/gradle/internal/logging/events/operations/StyledTextBuildOperationProgressDetails$Span
Event: 21.937 loading class org/gradle/internal/logging/events/operations/StyledTextBuildOperationProgressDetails$Span done
Event: 21.938 loading class org/gradle/internal/operations/logging/StyledTextBuildOperationProgressDetails$Span
Event: 21.938 loading class org/gradle/internal/operations/logging/StyledTextBuildOperationProgressDetails$Span done


Dynamic libraries:
0x00007ff7c37f0000 - 0x00007ff7c3800000 	C:\Program Files\Java\jdk-11\bin\java.exe
0x00007ffa41f90000 - 0x00007ffa42188000 	C:\WINDOWS\SYSTEM32\ntdll.dll
0x00007ffa40150000 - 0x00007ffa4020d000 	C:\WINDOWS\System32\KERNEL32.DLL
0x00007ffa3f670000 - 0x00007ffa3f966000 	C:\WINDOWS\System32\KERNELBASE.dll
0x00007ffa3fb40000 - 0x00007ffa3fc40000 	C:\WINDOWS\System32\ucrtbase.dll
0x00007ffa3a9c0000 - 0x00007ffa3a9d9000 	C:\Program Files\Java\jdk-11\bin\jli.dll
0x00007ffa406b0000 - 0x00007ffa4075e000 	C:\WINDOWS\System32\ADVAPI32.dll
0x00007ffa41050000 - 0x00007ffa410ee000 	C:\WINDOWS\System32\msvcrt.dll
0x00007ffa3fff0000 - 0x00007ffa4008c000 	C:\WINDOWS\System32\sechost.dll
0x00007ffa40760000 - 0x00007ffa40886000 	C:\WINDOWS\System32\RPCRT4.dll
0x00007ffa41400000 - 0x00007ffa4159e000 	C:\WINDOWS\System32\USER32.dll
0x00007ffa3fdf0000 - 0x00007ffa3fe12000 	C:\WINDOWS\System32\win32u.dll
0x00007ffa411a0000 - 0x00007ffa411cc000 	C:\WINDOWS\System32\GDI32.dll
0x00007ffa3fa20000 - 0x00007ffa3fb3a000 	C:\WINDOWS\System32\gdi32full.dll
0x00007ffa3fc40000 - 0x00007ffa3fcdd000 	C:\WINDOWS\System32\msvcp_win.dll
0x00007ffa39530000 - 0x00007ffa3954b000 	C:\Program Files\Java\jdk-11\bin\VCRUNTIME140.dll
0x00007ffa31c30000 - 0x00007ffa31eca000 	C:\WINDOWS\WinSxS\amd64_microsoft.windows.common-controls_6595b64144ccf1df_6.0.19041.1110_none_60b5254171f9507e\COMCTL32.dll
0x00007ffa3f1e0000 - 0x00007ffa3f1ea000 	C:\WINDOWS\SYSTEM32\VERSION.dll
0x00007ffa41680000 - 0x00007ffa416b0000 	C:\WINDOWS\System32\IMM32.DLL
0x0000000055ab0000 - 0x0000000055abc000 	C:\Program Files (x86)\360\Total Security\safemon\SafeWrapper.dll
0x00007ffa18c40000 - 0x00007ffa18cd2000 	C:\Program Files (x86)\360\Total Security\safemon\libzdtp64.dll
0x00007ffa41800000 - 0x00007ffa41f45000 	C:\WINDOWS\System32\SHELL32.dll
0x00007ffa40090000 - 0x00007ffa400e5000 	C:\WINDOWS\System32\SHLWAPI.dll
0x00007ffa3aa60000 - 0x00007ffa3aa6c000 	C:\Program Files\Java\jdk-11\bin\vcruntime140_1.dll
0x00007ffa393a0000 - 0x00007ffa3942e000 	C:\Program Files\Java\jdk-11\bin\msvcp140.dll
0x00007ff9cb6c0000 - 0x00007ff9cc22d000 	C:\Program Files\Java\jdk-11\bin\server\jvm.dll
0x00007ffa41040000 - 0x00007ffa41048000 	C:\WINDOWS\System32\PSAPI.DLL
0x00007ffa36350000 - 0x00007ffa36377000 	C:\WINDOWS\SYSTEM32\WINMM.dll
0x00007ffa398f0000 - 0x00007ffa398f9000 	C:\WINDOWS\SYSTEM32\WSOCK32.dll
0x00007ffa41390000 - 0x00007ffa413fb000 	C:\WINDOWS\System32\WS2_32.dll
0x00007ffa3de50000 - 0x00007ffa3de62000 	C:\WINDOWS\SYSTEM32\kernel.appcore.dll
0x00007ffa30560000 - 0x00007ffa30570000 	C:\Program Files\Java\jdk-11\bin\verify.dll
0x00007ffa2ccf0000 - 0x00007ffa2ced4000 	C:\WINDOWS\SYSTEM32\DBGHELP.DLL
0x00007ffa29970000 - 0x00007ffa299a4000 	C:\WINDOWS\SYSTEM32\dbgcore.DLL
0x00007ffa3fd10000 - 0x00007ffa3fd92000 	C:\WINDOWS\System32\bcryptPrimitives.dll
0x00007ffa30360000 - 0x00007ffa30388000 	C:\Program Files\Java\jdk-11\bin\java.dll
0x00007ffa30550000 - 0x00007ffa3055a000 	C:\Program Files\Java\jdk-11\bin\jimage.dll
0x00007ffa25d50000 - 0x00007ffa25d67000 	C:\Program Files\Java\jdk-11\bin\zip.dll
0x00007ffa3d040000 - 0x00007ffa3d7db000 	C:\WINDOWS\SYSTEM32\windows.storage.dll
0x00007ffa40230000 - 0x00007ffa40584000 	C:\WINDOWS\System32\combase.dll
0x00007ffa3f040000 - 0x00007ffa3f06e000 	C:\WINDOWS\SYSTEM32\Wldp.dll
0x00007ffa40d00000 - 0x00007ffa40dad000 	C:\WINDOWS\System32\SHCORE.dll
0x00007ffa3f5a0000 - 0x00007ffa3f5c5000 	C:\WINDOWS\SYSTEM32\profapi.dll
0x00007ffa255f0000 - 0x00007ffa25609000 	C:\Program Files\Java\jdk-11\bin\net.dll
0x00007ffa351b0000 - 0x00007ffa352ba000 	C:\WINDOWS\SYSTEM32\WINHTTP.dll
0x00007ffa3ed30000 - 0x00007ffa3ed9a000 	C:\WINDOWS\system32\mswsock.dll
0x00007ffa23560000 - 0x00007ffa23572000 	C:\Program Files\Java\jdk-11\bin\nio.dll
0x00007ffa13fb0000 - 0x00007ffa13fd7000 	C:\Users\MATRIX 9.0 USERS\.gradle\native\e1d6ef7f7dcc3fd88c89a11ec53ec762bb8ba0a96d01ffa2cd45eb1d1d8dd5c5\windows-amd64\native-platform.dll
0x00007ffa30350000 - 0x00007ffa30359000 	C:\Program Files\Java\jdk-11\bin\management.dll
0x00007ffa2f410000 - 0x00007ffa2f41b000 	C:\Program Files\Java\jdk-11\bin\management_ext.dll
0x00007ffa3ef20000 - 0x00007ffa3ef38000 	C:\WINDOWS\SYSTEM32\CRYPTSP.dll
0x00007ffa3e5e0000 - 0x00007ffa3e614000 	C:\WINDOWS\system32\rsaenh.dll
0x00007ffa3fce0000 - 0x00007ffa3fd07000 	C:\WINDOWS\System32\bcrypt.dll
0x00007ffa3f560000 - 0x00007ffa3f58e000 	C:\WINDOWS\SYSTEM32\USERENV.dll
0x00007ffa3ef40000 - 0x00007ffa3ef4c000 	C:\WINDOWS\SYSTEM32\CRYPTBASE.dll
0x00007ffa3ea20000 - 0x00007ffa3ea5b000 	C:\WINDOWS\SYSTEM32\IPHLPAPI.DLL
0x00007ffa41710000 - 0x00007ffa41718000 	C:\WINDOWS\System32\NSI.dll
0x00007ffa355f0000 - 0x00007ffa35607000 	C:\WINDOWS\SYSTEM32\dhcpcsvc6.DLL
0x00007ffa35730000 - 0x00007ffa3574d000 	C:\WINDOWS\SYSTEM32\dhcpcsvc.DLL
0x00007ffa3ea60000 - 0x00007ffa3eb2a000 	C:\WINDOWS\SYSTEM32\DNSAPI.dll

dbghelp: loaded successfully - version: 4.0.5 - missing functions: none
symbol engine: initialized successfully - sym options: 0x614 - pdb path: .;C:\Program Files\Java\jdk-11\bin;C:\WINDOWS\SYSTEM32;C:\WINDOWS\WinSxS\amd64_microsoft.windows.common-controls_6595b64144ccf1df_6.0.19041.1110_none_60b5254171f9507e;C:\Program Files (x86)\360\Total Security\safemon;C:\Program Files\Java\jdk-11\bin\server;C:\Users\MATRIX 9.0 USERS\.gradle\native\e1d6ef7f7dcc3fd88c89a11ec53ec762bb8ba0a96d01ffa2cd45eb1d1d8dd5c5\windows-amd64

VM Arguments:
jvm_args: -Dorg.gradle.appname=gradlew 
java_command: org.gradle.wrapper.GradleWrapperMain -q -Ptarget-platform=android-arm64 -Ptarget=C:\\develop\\qurankhwani\\lib\\main.dart -Pbase-application-name=android.app.Application -Pdart-defines=RkxVVFRFUl9XRUJfQVVUT19ERVRFQ1Q9dHJ1ZQ== -Pdart-obfuscation=false -Ptrack-widget-creation=true -Ptree-shake-icons=false -Pfilesystem-scheme=org-dartlang-root assembleDebug
java_class_path (initial): C:\\develop\\qurankhwani\\android\\\\gradle\\wrapper\\gradle-wrapper.jar
Launcher Type: SUN_STANDARD

[Global flags]
     intx CICompilerCount                          = 3                                         {product} {ergonomic}
     uint ConcGCThreads                            = 1                                         {product} {ergonomic}
     uint G1ConcRefinementThreads                  = 4                                         {product} {ergonomic}
   size_t G1HeapRegionSize                         = 1048576                                   {product} {ergonomic}
    uintx GCDrainStackTargetSize                   = 64                                        {product} {ergonomic}
   size_t InitialHeapSize                          = 134217728                                 {product} {ergonomic}
   size_t MarkStackSize                            = 4194304                                   {product} {ergonomic}
   size_t MaxHeapSize                              = 2130706432                                {product} {ergonomic}
   size_t MaxNewSize                               = 1278214144                                {product} {ergonomic}
   size_t MinHeapDeltaBytes                        = 1048576                                   {product} {ergonomic}
    uintx NonNMethodCodeHeapSize                   = 5830732                                {pd product} {ergonomic}
    uintx NonProfiledCodeHeapSize                  = 122913754                              {pd product} {ergonomic}
    uintx ProfiledCodeHeapSize                     = 122913754                              {pd product} {ergonomic}
    uintx ReservedCodeCacheSize                    = 251658240                              {pd product} {ergonomic}
     bool SegmentedCodeCache                       = true                                      {product} {ergonomic}
     bool UseCompressedClassPointers               = true                                 {lp64_product} {ergonomic}
     bool UseCompressedOops                        = true                                 {lp64_product} {ergonomic}
     bool UseG1GC                                  = true                                      {product} {ergonomic}
     bool UseLargePagesIndividualAllocation        = false                                  {pd product} {ergonomic}

Logging:
Log output configuration:
 #0: stdout all=warning uptime,level,tags
 #1: stderr all=off uptime,level,tags

Environment Variables:
CLASSPATH=C:\develop\qurankhwani\android\\gradle\wrapper\gradle-wrapper.jar
PATH=C:\Program Files\Common Files\Oracle\Java\javapath;C:\Program Files (x86)\Common Files\Intel\Shared Libraries\redist\intel64_win\compiler;C:\Program Files (x86)\Intel\iCLS Client\;C:\Program Files\Intel\iCLS Client\;C:\Windows\system32;C:\Windows;C:\Windows\System32\Wbem;C:\Windows\System32\WindowsPowerShell\v1.0\;C:\Windows\System32\OpenSSH\;C:\Program Files\Intel\Intel(R) Management Engine Components\DAL;C:\Program Files\Intel\Intel(R) Management Engine Components\IPT;C:\Program Files (x86)\Intel\Intel(R) Management Engine Components\DAL;C:\Program Files (x86)\Intel\Intel(R) Management Engine Components\IPT;C:\WINDOWS\system32;C:\WINDOWS;C:\WINDOWS\System32\Wbem;C:\WINDOWS\System32\WindowsPowerShell\v1.0\;C:\WINDOWS\System32\OpenSSH\;C:\Program Files (x86)\NVIDIA Corporation\PhysX\Common;C:\Program Files\NVIDIA Corporation\NVIDIA NvDLISR;C:\Program Files (x86)\ATI Technologies\ATI.ACE\Core-Static;C:\Program Files\Git\cmd;C:\Users\MATRIX 9.0 USERS\AppData\Local\Microsoft\WindowsApps;C:\Users\MATRIX 9.0 USERS\AppData\Local\Programs\Microsoft VS Code\bin;C:\flutter\bin;;E:\My backup data\flutter\bin\mingit\cmd
USERNAME=MATRIX 9.0 USERS
OS=Windows_NT
PROCESSOR_IDENTIFIER=Intel64 Family 6 Model 58 Stepping 9, GenuineIntel



---------------  S Y S T E M  ---------------

OS: Windows 10 , 64 bit Build 19041 (10.0.19041.3393)

CPU:total 4 (initial active 4) (2 cores per cpu, 2 threads per core) family 6 model 58 stepping 9 microcode 0x21, cmov, cx8, fxsr, mmx, sse, sse2, sse3, ssse3, sse4.1, sse4.2, popcnt, avx, aes, clmul, erms, ht, tsc, tscinvbit, tscinv

Memory: 4k page, system-wide physical 8124M (347M free)
TotalPageFile size 10563M (AvailPageFile size 0M)
current process WorkingSet (physical memory assigned to process): 83M, peak: 86M
current process commit charge ("private bytes"): 219M, peak: 222M

vm_info: Java HotSpot(TM) 64-Bit Server VM (11.0.20+9-LTS-256) for windows-amd64 JRE (11.0.20+9-LTS-256), built on Jun 14 2023 10:34:22 by "mach5one" with MS VC++ 17.1 (VS2022)

END.
